IQ-TREE multicore version 2.2.2.7 COVID-edition for Linux 64-bit built May 31 2023
Developed by Bui Quang Minh, James Barbetti, Nguyen Lam Tung,
Olga Chernomor, Heiko Schmidt, Dominik Schrempf, Michael Woodhams, Ly Trong Nhan.

Host:    c0316.ll.unc.edu (AVX512, FMA3, 754 GB RAM)
Command: iqtree2 -q combined_top50.partition -alrt 1000 -bb 1000 -s phyling_align_top50/Top50_multi.mfa -nt AUTO
Seed:    647002 (Using SPRNG - Scalable Parallel Random Number Generator)
Time:    Mon Feb 12 16:26:32 2024
Kernel:  AVX+FMA - auto-detect threads (16 CPU cores detected)

Reading partition model file combined_top50.partition ...
Reading alignment file phyling_align_top50/Top50_multi.mfa ... Fasta format detected
Reading fasta file: done in 0.034657 secs using 79.22% CPU
Alignment most likely contains protein sequences
Constructing alignment: done in 0.0444739 secs using 60.02% CPU
Alignment has 96 sequences with 18694 columns, 7638 distinct patterns
5590 parsimony-informative, 830 singleton sites, 12274 constant sites
                                                           Gap/Ambiguity  Composition  p-value
Analyzing sequences: done in 0.00296092 secs using 99.19% CPU
   1  Emmonsia_crescens_UAMH4076                                   1.47%    passed     99.99%
   2  Histoplasma_capsulatum_07_12-RJ                             48.11%    passed     37.64%
   3  Histoplasma_capsulatum_104_p_06                              3.60%    passed    100.00%
   4  Histoplasma_capsulatum_117_p_12                              4.66%    passed    100.00%
   5  Histoplasma_capsulatum_122_p_10_B                            2.02%    passed    100.00%
   6  Histoplasma_capsulatum_136_P_07                              0.45%    passed    100.00%
   7  Histoplasma_capsulatum_144_p_08                              2.02%    passed    100.00%
   8  Histoplasma_capsulatum_1517_p_17                             0.40%    passed    100.00%
   9  Histoplasma_capsulatum_19VMG-15                             39.31%    passed     34.44%
  10  Histoplasma_capsulatum_256_P_18                              2.10%    passed    100.00%
  11  Histoplasma_capsulatum_316_p_10                              2.62%    passed    100.00%
  12  Histoplasma_capsulatum_327_P_12                              3.60%    passed    100.00%
  13  Histoplasma_capsulatum_343_p_18                              5.78%    passed    100.00%
  14  Histoplasma_capsulatum_388_p_11                              0.54%    passed    100.00%
  15  Histoplasma_capsulatum_CB053-2                              14.93%    passed     98.13%
  16  Histoplasma_capsulatum_CB055-2                              12.21%    passed    100.00%
  17  Histoplasma_capsulatum_CB062-2                               5.84%    passed    100.00%
  18  Histoplasma_capsulatum_CB063-2                               9.60%    passed    100.00%
  19  Histoplasma_capsulatum_CB064-2                               8.55%    passed    100.00%
  20  Histoplasma_capsulatum_CB065-2                               9.54%    passed    100.00%
  21  Histoplasma_capsulatum_CB066-2                               7.97%    passed    100.00%
  22  Histoplasma_capsulatum_CB168-2                              10.37%    passed    100.00%
  23  Histoplasma_capsulatum_CB174-2                              11.95%    passed    100.00%
  24  Histoplasma_capsulatum_CB180-2                               7.75%    passed    100.00%
  25  Histoplasma_capsulatum_CB186-2                              17.99%    passed     99.96%
  26  Histoplasma_capsulatum_CB192-2                               7.73%    passed    100.00%
  27  Histoplasma_capsulatum_Dr_Anuradha_Fungal_WGS_S11            0.40%    passed    100.00%
  28  Histoplasma_capsulatum_Dr_Anuradha_Fungal_WGS_S14            1.86%    passed    100.00%
  29  Histoplasma_capsulatum_Dr_Anuradha_Fungal_WGS_S16            0.47%    passed    100.00%
  30  Histoplasma_capsulatum_ES2_83Z                              21.76%    passed     73.85%
  31  Histoplasma_capsulatum_ES2_85Z                              37.80%    passed     94.70%
  32  Histoplasma_capsulatum_ES2_86Z                              28.50%    passed     97.14%
  33  Histoplasma_capsulatum_ES2_88Z                              55.01%    passed     83.12%
  34  Histoplasma_capsulatum_ES2_89Z                               7.08%    passed    100.00%
  35  Histoplasma_capsulatum_HCH143                               11.36%    passed     99.99%
  36  Histoplasma_capsulatum_HISSP-1014-Belem3                     9.12%    passed     99.87%
  37  Histoplasma_capsulatum_HISSP-11571-Belem1                   42.75%    passed     98.54%
  38  Histoplasma_capsulatum_HISSP-B05821                         27.54%    passed     93.03%
  39  Histoplasma_capsulatum_HISSP-CM6015                         37.55%    passed     95.86%
  40  Histoplasma_capsulatum_HISSP-CM6408                         31.03%    passed     99.88%
  41  Histoplasma_capsulatum_HISSP-CM7256-xx-CL-SEN-xxxx-036-BB   17.98%    passed     95.20%
  42  Histoplasma_capsulatum_HISSP-FGAMA2041                      48.96%    passed     52.15%
  43  Histoplasma_capsulatum_HISSP-FGBIK2051                      35.95%    passed     97.42%
  44  Histoplasma_capsulatum_HISSP-FGBON2001                      10.67%    passed     99.99%
  45  Histoplasma_capsulatum_HISSP-FGFAN2059                      43.63%    passed     16.06%
  46  Histoplasma_capsulatum_HISSP-FGFAR0189                      42.89%    passed     91.36%
  47  Histoplasma_capsulatum_HISSP-FGFER2036                      44.30%    passed     45.62%
  48  Histoplasma_capsulatum_HISSP-FGFIN2028                      45.53%    passed     73.54%
  49  Histoplasma_capsulatum_HISSP-FGJOS2044                      42.06%    passed     92.48%
  50  Histoplasma_capsulatum_HISSP-FGLIN2055                      57.53%    passed     25.63%
  51  Histoplasma_capsulatum_HISSP-FGMAR2044                      41.71%    passed     87.43%
  52  Histoplasma_capsulatum_HISSP-FGPIA2052                      37.02%    passed     94.05%
  53  Histoplasma_capsulatum_HISSP-FGPIE2055                      20.01%    passed     99.96%
  54  Histoplasma_capsulatum_HISSP-FGPSO2043                      52.10%    failed      0.37%
  55  Histoplasma_capsulatum_HISSP-FGTRO0285                      40.54%    passed     62.10%
  56  Histoplasma_capsulatum_Histo-485P20                          3.62%    passed    100.00%
  57  Histoplasma_capsulatum_JB_01752-Hc_01752                    28.36%    passed     98.79%
  58  Histoplasma_capsulatum_JB_021091-Hc_021091                  19.40%    passed      5.85%
  59  Histoplasma_capsulatum_JB_031837-Hc_031837                  33.03%    passed     95.42%
  60  Histoplasma_capsulatum_JB_042430-Hc_042430                   2.04%    passed    100.00%
  61  Histoplasma_capsulatum_JB_062632-Hc_062632                  50.83%    passed     15.40%
  62  Histoplasma_capsulatum_JB_062775-Hc_062775                   7.34%    passed    100.00%
  63  Histoplasma_capsulatum_JB_073129-Hc_073129                  27.92%    passed     30.34%
  64  Histoplasma_capsulatum_JB_083285_2-Hc_083285_2              19.88%    passed     99.96%
  65  Histoplasma_capsulatum_NACVFR_Histo_HC1070058_2             31.99%    passed     74.01%
  66  Histoplasma_capsulatum_SA15                                 37.04%    passed     93.61%
  67  Histoplasma_capsulatum_SECH_100-Nam2_G186A                  47.99%    passed     71.47%
  68  Histoplasma_capsulatum_SECH_101-Nam2_G184A                  30.57%    passed     96.45%
  69  Histoplasma_capsulatum_SECH_107-mis_Hc_duboisii-B           59.04%    failed      0.09%
  70  Histoplasma_capsulatum_SECH_109                             28.01%    passed     99.93%
  71  Histoplasma_capsulatum_SECH_110                             39.12%    passed     94.57%
  72  Histoplasma_mississippiense_II_SECH_81-Nam1_WU24            10.67%    passed    100.00%
  73  Histoplasma_mississippiense_II_SECH_83-Nam1_CI_7             8.14%    passed    100.00%
  74  Histoplasma_mississippiense_II_SECH_84-Nam1_CI_19            6.32%    passed    100.00%
  75  Histoplasma_mississippiense_II_SECH_85-Nam1_CI_22           27.63%    passed     99.07%
  76  Histoplasma_mississippiense_II_SECH_86-Nam1_CI_24           24.05%    passed     98.69%
  77  Histoplasma_mississippiense_II_SECH_87-Nam1_CI_42           15.89%    passed    100.00%
  78  Histoplasma_mississippiense_II_SECH_88-Nam1_CI_43           18.33%    passed     99.99%
  79  Histoplasma_mississippiense_II_SECH_90-Nam1_DOWNS           18.29%    passed     94.72%
  80  Histoplasma_mississippiense_I_SECH_89-Nam1_UCLA-531         17.90%    passed     99.76%
  81  Histoplasma_ohiense_SECH_82-Nam1_CI_4                       11.80%    passed     99.90%
  82  Histoplasma_ohiense_SECH_91-Nam2_G217B                      17.92%    passed     99.97%
  83  Histoplasma_ohiense_SECH_92-Nam2_G222B                      13.44%    passed     98.61%
  84  Histoplasma_ohiense_SECH_93.Nam2_CI_6                       30.28%    passed     92.88%
  85  Histoplasma_ohiense_SECH_94-Nam2_CI_9                       36.23%    passed     88.97%
  86  Histoplasma_ohiense_SECH_95.Nam2_CI_10                      19.95%    passed     98.74%
  87  Histoplasma_ohiense_SECH_96.Nam2_CI_17                      32.19%    passed     45.33%
  88  Histoplasma_ohiense_SECH_97-Nam2_CI_18                      20.29%    passed     99.95%
  89  Histoplasma_ohiense_SECH_98.Nam2_CI_30                      22.29%    passed     98.57%
  90  Histoplasma_ohiense_SECH_99-Nam2_CI_35                       6.32%    passed    100.00%
  91  Histoplasma_suramericanum_SECH_103-Nam2_3_11G               33.53%    passed     75.06%
  92  Histoplasma_suramericanum_SECH_104-Nam2_27_14               25.97%    passed     99.16%
  93  Histoplasma_suramericanum_SECH_105-Nam2_21_14               24.03%    passed     82.21%
  94  Histoplasma_capsulatum_ES2_90Z                              25.87%    passed     93.28%
  95  Histoplasma_capsulatum_HISSP-FGPERS2034                     24.07%    passed     99.35%
  96  Histoplasma_mississippiense_II_SECH_102Nam2_505             40.32%    passed     36.23%
WARNING: 5 sequences contain more than 50% gaps/ambiguity
****  TOTAL                                                       22.21%  2 sequences failed composition chi2 test (p-value<5%; df=19)

Partition file is not in NEXUS format, assuming RAxML-style partition file...
Identifying sites to remove: done in 0.000156879 secs using 70.75% CPU
Identifying sites to remove: done in 0.00017786 secs using 70.84% CPU
Identifying sites to remove: done in 0.000120878 secs using 100.9% CPU
Identifying sites to remove: done in 0.00049305 secs using 89.24% CPU
Identifying sites to remove: done in 0.000103951 secs using 99.09% CPU
Identifying sites to remove: done in 0.000142813 secs using 98.73% CPU
Identifying sites to remove: done in 0.000123024 secs using 99.98% CPU
Identifying sites to remove: done in 0.000112057 secs using 99.95% CPU
Identifying sites to remove: done in 0.000163794 secs using 98.9% CPU
Identifying sites to remove: done in 8.70228e-05 secs using 99.97% CPU
Identifying sites to remove: done in 0.000108004 secs using 99.07% CPU
Identifying sites to remove: done in 8.79765e-05 secs using 100% CPU
Identifying sites to remove: done in 9.08375e-05 secs using 96.88% CPU
Identifying sites to remove: done in 7.20024e-05 secs using 100% CPU
Identifying sites to remove: done in 0.000113964 secs using 100% CPU
Identifying sites to remove: done in 6.29425e-05 secs using 100.1% CPU
Identifying sites to remove: done in 5.10216e-05 secs using 99.96% CPU
Identifying sites to remove: done in 0.000579119 secs using 99.63% CPU
Identifying sites to remove: done in 0.000574112 secs using 99.28% CPU
Identifying sites to remove: done in 0.000338078 secs using 99.68% CPU
Identifying sites to remove: done in 0.000530958 secs using 69.12% CPU
Identifying sites to remove: done in 0.000500917 secs using 92.43% CPU
Identifying sites to remove: done in 0.000516176 secs using 99.38% CPU
Identifying sites to remove: done in 0.000635147 secs using 99.98% CPU
Identifying sites to remove: done in 0.000371933 secs using 100% CPU
Identifying sites to remove: done in 0.000473022 secs using 99.36% CPU
Identifying sites to remove: done in 0.000416994 secs using 99.28% CPU
Identifying sites to remove: done in 0.000530958 secs using 99.44% CPU
Identifying sites to remove: done in 0.000348091 secs using 99.11% CPU
Identifying sites to remove: done in 0.000406981 secs using 99.27% CPU
Identifying sites to remove: done in 0.000344992 secs using 98.26% CPU
Identifying sites to remove: done in 0.000444889 secs using 99.13% CPU
Identifying sites to remove: done in 0.000246048 secs using 100.4% CPU
Identifying sites to remove: done in 0.000408888 secs using 100% CPU
Identifying sites to remove: done in 0.000548124 secs using 99.79% CPU
Identifying sites to remove: done in 0.000227928 secs using 100% CPU
Identifying sites to remove: done in 0.000239134 secs using 98.69% CPU
Identifying sites to remove: done in 0.00039506 secs using 99.73% CPU
Identifying sites to remove: done in 0.000190973 secs using 100.5% CPU
Identifying sites to remove: done in 0.000369072 secs using 40.37% CPU
Identifying sites to remove: done in 0.000337124 secs
Identifying sites to remove: done in 0.000212908 secs using 100% CPU
Identifying sites to remove: done in 0.000417948 secs using 100.3% CPU
Identifying sites to remove: done in 0.000211954 secs using 54.73% CPU
Identifying sites to remove: done in 0.000322104 secs
Identifying sites to remove: done in 0.000174046 secs using 84.46% CPU
Identifying sites to remove: done in 0.000339985 secs using 75.3% CPU
Identifying sites to remove: done in 0.000184059 secs using 99.97% CPU
Identifying sites to remove: done in 0.000203133 secs using 100.4% CPU
Identifying sites to remove: done in 0.000114918 secs using 100.1% CPU
Subset	Type	Seqs	Sites	Infor	Invar	Model	Name
1	AA	93	190	52	134	JTT+G4	100489at147545.aa
2	AA	81	254	63	181	JTT+G4	101424at147545.aa
3	AA	83	168	32	135	JTT+G4	102942at147545.aa
4	AA	50	894	369	507	JTT+G4	10330at147545.aa
5	AA	61	169	63	106	JTT+G4	103491at147545.aa
6	AA	73	186	38	140	JTT+G4	103613at147545.aa
7	AA	84	157	38	111	JTT+G4	107636at147545.aa
8	AA	80	143	21	100	JTT+G4	107808at147545.aa
9	AA	71	217	68	140	JTT+G4	110698at147545.aa
10	AA	74	130	15	110	JTT+G4	111668at147545.aa
11	AA	82	136	28	94	JTT+G4	112316at147545.aa
12	AA	78	136	4	132	JTT+G4	112526at147545.aa
13	AA	80	115	30	83	JTT+G4	115802at147545.aa
14	AA	80	98	15	76	JTT+G4	117777at147545.aa
15	AA	76	146	42	97	JTT+G4	118119at147545.aa
16	AA	68	84	24	59	JTT+G4	119262at147545.aa
17	AA	74	69	11	58	JTT+G4	122686at147545.aa
18	AA	83	802	240	544	JTT+G4	14123at147545.aa
19	AA	82	684	330	334	JTT+G4	25804at147545.aa
20	AA	79	562	129	421	JTT+G4	29398at147545.aa
21	AA	90	585	383	199	JTT+G4	30334at147545.aa
22	AA	88	619	218	396	JTT+G4	30420at147545.aa
23	AA	66	683	277	387	JTT+G4	33099at147545.aa
24	AA	64	906	287	559	JTT+G4	35215at147545.aa
25	AA	68	559	212	320	JTT+G4	37149at147545.aa
26	AA	82	499	122	339	JTT+G4	38709at147545.aa
27	AA	78	502	146	317	JTT+G4	41498at147545.aa
28	AA	80	476	287	174	JTT+G4	45324at147545.aa
29	AA	82	462	138	288	JTT+G4	45769at147545.aa
30	AA	85	448	165	276	JTT+G4	46768at147545.aa
31	AA	82	436	60	365	JTT+G4	47488at147545.aa
32	AA	78	526	169	325	JTT+G4	49761at147545.aa
33	AA	72	439	10	397	JTT+G4	50141at147545.aa
34	AA	70	491	166	310	JTT+G4	52223at147545.aa
35	AA	81	554	131	288	JTT+G4	54659at147545.aa
36	AA	57	414	95	295	JTT+G4	55734at147545.aa
37	AA	82	389	28	357	JTT+G4	60920at147545.aa
38	AA	85	403	129	267	JTT+G4	61270at147545.aa
39	AA	67	325	10	291	JTT+G4	62500at147545.aa
40	AA	79	409	102	267	JTT+G4	66556at147545.aa
41	AA	81	363	86	268	JTT+G4	69241at147545.aa
42	AA	64	355	78	263	JTT+G4	70760at147545.aa
43	AA	83	445	151	280	JTT+G4	74882at147545.aa
44	AA	53	302	86	204	JTT+G4	76922at147545.aa
45	AA	65	363	127	224	JTT+G4	77476at147545.aa
46	AA	67	279	40	230	JTT+G4	78806at147545.aa
47	AA	87	356	120	229	JTT+G4	81356at147545.aa
48	AA	73	284	69	208	JTT+G4	85577at147545.aa
49	AA	83	268	48	217	JTT+G4	91275at147545.aa
50	AA	61	214	38	172	JTT+G4	97109at147545.aa
Degree of missing data: 0.216
Info: multi-threading strategy over partitions

NOTE: Histoplasma_capsulatum_327_P_12 is identical to Histoplasma_capsulatum_104_p_06 but kept for subsequent analysis
WARNING: States(s) H rarely appear in partition 110698at147545.aa and may cause numerical problems
WARNING: States(s) W rarely appear in partition 112316at147545.aa and may cause numerical problems
NOTE: State(s) W not present in partition 112526at147545.aa and thus removed from Markov process to prevent numerical problems
WARNING: States(s) F rarely appear in partition 117777at147545.aa and may cause numerical problems
WARNING: States(s) H rarely appear in partition 118119at147545.aa and may cause numerical problems
NOTE: State(s) C not present in partition 119262at147545.aa and thus removed from Markov process to prevent numerical problems
WARNING: States(s) H, W, Y rarely appear in partition 122686at147545.aa and may cause numerical problems
WARNING: States(s) W rarely appear in partition 60920at147545.aa and may cause numerical problems
NOTE: 2 states (see above) are not present and thus removed from Markov process to prevent numerical problems

Create initial parsimony tree by phylogenetic likelihood library (PLL)... 0.238 seconds
Generating 1000 samples for ultrafast bootstrap (seed: 647002)...

NOTE: 442 MB RAM (0 GB) is required!
Measuring multi-threading efficiency up to 16 CPU cores
Increase to 10 rounds for branch lengths
2 trees examined
Threads: 1 / Time: 20.864 sec / Speedup: 1.000 / Efficiency: 100% / LogL: -237674
Threads: 2 / Time: 10.858 sec / Speedup: 1.921 / Efficiency: 96% / LogL: -237674
Threads: 3 / Time: 7.517 sec / Speedup: 2.776 / Efficiency: 93% / LogL: -237674
Threads: 4 / Time: 5.810 sec / Speedup: 3.591 / Efficiency: 90% / LogL: -237674
Threads: 5 / Time: 4.865 sec / Speedup: 4.289 / Efficiency: 86% / LogL: -237674
Threads: 6 / Time: 4.289 sec / Speedup: 4.864 / Efficiency: 81% / LogL: -237674
Threads: 7 / Time: 3.925 sec / Speedup: 5.315 / Efficiency: 76% / LogL: -237674
Threads: 8 / Time: 3.622 sec / Speedup: 5.759 / Efficiency: 72% / LogL: -237674
Threads: 9 / Time: 3.956 sec / Speedup: 5.273 / Efficiency: 59% / LogL: -237674
Threads: 10 / Time: 3.930 sec / Speedup: 5.309 / Efficiency: 53% / LogL: -237674
Threads: 11 / Time: 3.745 sec / Speedup: 5.571 / Efficiency: 51% / LogL: -237674
Threads: 12 / Time: 3.811 sec / Speedup: 5.475 / Efficiency: 46% / LogL: -237674
Determining AUTO threadcount: done in 77.2479 secs using 452% CPU
BEST NUMBER OF THREADS: 8

Estimate model parameters (epsilon = 0.100)
Initial log-likelihood: -127947.928
Current log-likelihood at step 1: -125298.573
Current log-likelihood at step 2: -125211.527
Current log-likelihood at step 3: -125206.210
Current log-likelihood at step 4: -125205.909
Current log-likelihood at step 5: -125205.883
Parameters optimization took 4 rounds (5.064 sec)

Wrote distance file to... 
Computing ML distances based on estimated model parameters...
Calculating distance matrix: done in 0.000416994 secs using 1382% CPU
Computing ML distances took 0.000702 sec (of wall-clock time) 0.006046 sec (of CPU time)
WARNING: Some pairwise ML distances are too long (saturated)
Setting up auxiliary I and S matrices: done in 0.000142097 secs using 2832% CPU
Constructing RapidNJ tree: done in 0.00360298 secs using 703.5% CPU
Computing RapidNJ tree took 0.003787 sec (of wall-clock time) 0.029414 sec (of CPU time)
Log-likelihood of RapidNJ tree: -180213.311
--------------------------------------------------------------------
|             INITIALIZING CANDIDATE TREE SET                      |
--------------------------------------------------------------------
Generating 98 parsimony trees... 27.981 second
Computing log-likelihood of 98 initial trees ... 29.041 seconds
Current best score: -125140.966

Do NNI search on 20 best initial trees
Optimizing NNI: done in 5.58086 secs using 786.9% CPU
Estimate model parameters (epsilon = 0.100)
Initial log-likelihood: -125033.940
Current log-likelihood at step 1: -125033.628
Current log-likelihood at step 2: -125033.604
Parameters optimization took 1 rounds (0.966 sec)

BETTER TREE FOUND at iteration 1: -125033.604
Optimizing NNI: done in 6.40142 secs using 786.7% CPU
Optimizing NNI: done in 4.91912 secs using 786.5% CPU
Optimizing NNI: done in 6.46595 secs using 788% CPU
Optimizing NNI: done in 6.21941 secs using 787.1% CPU
Optimizing NNI: done in 5.68225 secs using 789.8% CPU
Optimizing NNI: done in 6.1195 secs using 789.7% CPU
Optimizing NNI: done in 5.7205 secs using 787.1% CPU
Optimizing NNI: done in 6.19374 secs using 788% CPU
Optimizing NNI: done in 5.20988 secs using 789.1% CPU
Iteration 10 / LogL: -125048.288 / Time: 0h:3m:23s
Optimizing NNI: done in 5.91468 secs using 788.3% CPU
Optimizing NNI: done in 6.94398 secs using 788.9% CPU
Estimate model parameters (epsilon = 0.100)
Initial log-likelihood: -125027.716
Current log-likelihood at step 1: -125027.626
Parameters optimization took 0 rounds (0.464 sec)

BETTER TREE FOUND at iteration 12: -125027.626
Optimizing NNI: done in 6.58614 secs using 789.3% CPU
Optimizing NNI: done in 4.29154 secs using 788.3% CPU
Optimizing NNI: done in 4.72938 secs using 787.8% CPU
Optimizing NNI: done in 7.98075 secs using 788% CPU
Optimizing NNI: done in 4.71832 secs using 787.9% CPU
Optimizing NNI: done in 4.91368 secs using 785.8% CPU
Optimizing NNI: done in 5.86277 secs using 790% CPU
Optimizing NNI: done in 4.45375 secs using 790.8% CPU
Iteration 20 / LogL: -125104.347 / Time: 0h:4m:21s
Finish initializing candidate tree set (20)
Current best tree score: -125027.626 / CPU time: 174.382
Number of iterations: 20
--------------------------------------------------------------------
|               OPTIMIZING CANDIDATE TREE SET                      |
--------------------------------------------------------------------
Optimizing NNI: done in 6.71877 secs using 788.4% CPU
Optimizing NNI: done in 8.77695 secs using 788.9% CPU
Optimizing NNI: done in 7.3356 secs using 788% CPU
Estimate model parameters (epsilon = 0.100)
Initial log-likelihood: -125025.986
Current log-likelihood at step 1: -125025.971
Parameters optimization took 0 rounds (0.425 sec)

BETTER TREE FOUND at iteration 23: -125025.971
Optimizing NNI: done in 6.37991 secs using 789.5% CPU
Optimizing NNI: done in 9.09994 secs using 786% CPU
Optimizing NNI: done in 5.31516 secs using 787.6% CPU
Optimizing NNI: done in 6.69667 secs using 788.8% CPU
Estimate model parameters (epsilon = 0.100)
Initial log-likelihood: -125025.619
Current log-likelihood at step 1: -125025.612
Parameters optimization took 0 rounds (0.374 sec)

BETTER TREE FOUND at iteration 27: -125025.612
Optimizing NNI: done in 7.12267 secs using 790.7% CPU
Optimizing NNI: done in 9.07336 secs using 790.3% CPU
Optimizing NNI: done in 2.29369 secs using 790.4% CPU
Iteration 30 / LogL: -126805.458 / Time: 0h:5m:31s (0h:18m:28s left)
Optimizing NNI: done in 6.80905 secs using 788% CPU
Optimizing NNI: done in 6.90261 secs using 787.7% CPU
Estimate model parameters (epsilon = 0.100)
Initial log-likelihood: -125025.550
Current log-likelihood at step 1: -125025.484
Parameters optimization took 0 rounds (0.430 sec)

UPDATE BEST LOG-LIKELIHOOD: -125025.484
Optimizing NNI: done in 5.95187 secs using 790.6% CPU
Optimizing NNI: done in 7.52089 secs using 789.8% CPU
Optimizing NNI: done in 9.04903 secs using 789.5% CPU
Optimizing NNI: done in 7.72265 secs using 787.6% CPU
Optimizing NNI: done in 7.10488 secs using 790% CPU
Estimate model parameters (epsilon = 0.100)
Initial log-likelihood: -125025.454
Current log-likelihood at step 1: -125025.434
Parameters optimization took 0 rounds (0.413 sec)

BETTER TREE FOUND at iteration 37: -125025.434
Optimizing NNI: done in 6.45091 secs using 790.3% CPU
Optimizing NNI: done in 7.5743 secs using 789.4% CPU
Optimizing NNI: done in 7.23213 secs using 787% CPU
Iteration 40 / LogL: -125025.974 / Time: 0h:6m:45s (0h:16m:48s left)
Optimizing NNI: done in 10.1929 secs using 786.3% CPU
Optimizing NNI: done in 7.19861 secs using 787.7% CPU
Estimate model parameters (epsilon = 0.100)
Initial log-likelihood: -125023.681
Current log-likelihood at step 1: -125023.675
Parameters optimization took 0 rounds (0.404 sec)

BETTER TREE FOUND at iteration 42: -125023.675
Optimizing NNI: done in 8.41367 secs using 788.9% CPU
Optimizing NNI: done in 8.41073 secs using 790.2% CPU
Optimizing NNI: done in 8.79006 secs using 786.5% CPU
Optimizing NNI: done in 6.40661 secs using 790.4% CPU
Optimizing NNI: done in 10.0076 secs using 788.1% CPU
Optimizing NNI: done in 7.92977 secs using 786.3% CPU
Optimizing NNI: done in 9.94941 secs using 787.7% CPU
Estimate model parameters (epsilon = 0.100)
Initial log-likelihood: -125023.339
Current log-likelihood at step 1: -125023.306
Parameters optimization took 0 rounds (0.434 sec)

BETTER TREE FOUND at iteration 49: -125023.306
Optimizing NNI: done in 6.92429 secs using 787% CPU
Iteration 50 / LogL: -125636.611 / Time: 0h:8m:11s (0h:16m:32s left)
Log-likelihood cutoff on original alignment: -125134.302
Optimizing NNI: done in 8.56097 secs using 787.8% CPU
Optimizing NNI: done in 8.94209 secs using 787.9% CPU
Optimizing NNI: done in 7.81513 secs using 785% CPU
Optimizing NNI: done in 9.16383 secs using 785.1% CPU
Optimizing NNI: done in 8.32413 secs using 788.6% CPU
Optimizing NNI: done in 6.92003 secs using 790.4% CPU
Optimizing NNI: done in 9.78314 secs using 787.5% CPU
Estimate model parameters (epsilon = 0.100)
Initial log-likelihood: -125023.182
Current log-likelihood at step 1: -125023.179
Parameters optimization took 0 rounds (0.401 sec)

BETTER TREE FOUND at iteration 57: -125023.179
Optimizing NNI: done in 8.89423 secs using 787% CPU
Estimate model parameters (epsilon = 0.100)
Initial log-likelihood: -125021.200
Current log-likelihood at step 1: -125021.191
Parameters optimization took 0 rounds (0.430 sec)

BETTER TREE FOUND at iteration 58: -125021.191
Optimizing NNI: done in 7.55882 secs using 785.8% CPU
Optimizing NNI: done in 9.82002 secs using 789.9% CPU
Iteration 60 / LogL: -125035.707 / Time: 0h:9m:39s (0h:16m:1s left)
Optimizing NNI: done in 9.0671 secs using 787.5% CPU
Optimizing NNI: done in 8.50049 secs using 787.2% CPU
Optimizing NNI: done in 6.98039 secs using 786.9% CPU
Optimizing NNI: done in 6.8394 secs using 789% CPU
Optimizing NNI: done in 8.03657 secs using 787.9% CPU
Optimizing NNI: done in 6.46636 secs using 790.2% CPU
Optimizing NNI: done in 8.27755 secs using 786.3% CPU
Optimizing NNI: done in 7.32863 secs using 786.4% CPU
Optimizing NNI: done in 7.1939 secs using 788.2% CPU
Optimizing NNI: done in 8.69021 secs using 786.5% CPU
Iteration 70 / LogL: -125021.947 / Time: 0h:10m:57s (0h:13m:58s left)
Optimizing NNI: done in 9.90573 secs using 786.8% CPU
Optimizing NNI: done in 8.10151 secs using 789.2% CPU
Optimizing NNI: done in 8.6751 secs using 793.2% CPU
Optimizing NNI: done in 5.51833 secs using 792.6% CPU
Optimizing NNI: done in 8.08756 secs using 789.9% CPU
Optimizing NNI: done in 7.30628 secs using 789.7% CPU
Optimizing NNI: done in 7.89764 secs using 790.7% CPU
Optimizing NNI: done in 10.9829 secs using 785.6% CPU
Optimizing NNI: done in 8.65621 secs using 789.3% CPU
Optimizing NNI: done in 9.28103 secs using 786% CPU
Iteration 80 / LogL: -125021.485 / Time: 0h:12m:22s (0h:12m:13s left)
Optimizing NNI: done in 9.24037 secs using 787.2% CPU
Optimizing NNI: done in 7.82138 secs using 789.2% CPU
Optimizing NNI: done in 5.47289 secs using 789.3% CPU
Optimizing NNI: done in 7.65115 secs using 787.4% CPU
Optimizing NNI: done in 8.43511 secs using 788.2% CPU
Optimizing NNI: done in 5.47834 secs using 790.6% CPU
Optimizing NNI: done in 8.61908 secs using 791% CPU
Optimizing NNI: done in 7.14677 secs using 790.1% CPU
Optimizing NNI: done in 8.11754 secs using 793.5% CPU
Optimizing NNI: done in 9.40514 secs using 793.4% CPU
Iteration 90 / LogL: -125021.543 / Time: 0h:13m:40s (0h:10m:27s left)
Optimizing NNI: done in 5.25881 secs using 793.5% CPU
Optimizing NNI: done in 6.97628 secs using 794% CPU
Optimizing NNI: done in 10.0232 secs using 794% CPU
Optimizing NNI: done in 4.50361 secs using 793.2% CPU
Optimizing NNI: done in 7.64376 secs using 793.4% CPU
Optimizing NNI: done in 7.93517 secs using 793.1% CPU
Optimizing NNI: done in 9.01069 secs using 793% CPU
Optimizing NNI: done in 7.50733 secs using 792.6% CPU
Optimizing NNI: done in 6.75197 secs using 793.6% CPU
Optimizing NNI: done in 8.00393 secs using 793.5% CPU
Iteration 100 / LogL: -125038.121 / Time: 0h:14m:55s (0h:8m:44s left)
Log-likelihood cutoff on original alignment: -125124.600
NOTE: Bootstrap correlation coefficient of split occurrence frequencies: 0.985
NOTE: UFBoot does not converge, continue at least 100 more iterations
Optimizing NNI: done in 8.25628 secs using 793.7% CPU
Optimizing NNI: done in 7.55982 secs using 794% CPU
Optimizing NNI: done in 6.07186 secs using 794.3% CPU
Optimizing NNI: done in 4.87236 secs using 794.2% CPU
Optimizing NNI: done in 6.94079 secs using 793.8% CPU
Optimizing NNI: done in 6.25529 secs using 792.4% CPU
Optimizing NNI: done in 9.68778 secs using 791.9% CPU
Optimizing NNI: done in 6.8692 secs using 792.9% CPU
Optimizing NNI: done in 5.36183 secs using 792.9% CPU
Optimizing NNI: done in 7.39188 secs using 791.8% CPU
Iteration 110 / LogL: -125032.189 / Time: 0h:16m:5s (0h:13m:17s left)
Optimizing NNI: done in 10.1076 secs using 793% CPU
Optimizing NNI: done in 5.99899 secs using 794% CPU
Optimizing NNI: done in 6.92492 secs using 793.2% CPU
Optimizing NNI: done in 8.40326 secs using 793% CPU
Optimizing NNI: done in 8.09702 secs using 793.8% CPU
Optimizing NNI: done in 6.40925 secs using 793.2% CPU
Optimizing NNI: done in 5.09379 secs using 793.2% CPU
Optimizing NNI: done in 8.27005 secs using 793.8% CPU
Optimizing NNI: done in 6.22484 secs using 793.4% CPU
Optimizing NNI: done in 5.62801 secs using 792.8% CPU
Iteration 120 / LogL: -125021.442 / Time: 0h:17m:17s (0h:11m:37s left)
Optimizing NNI: done in 7.47583 secs using 793% CPU
Optimizing NNI: done in 8.08418 secs using 792.7% CPU
Optimizing NNI: done in 6.75221 secs using 792.9% CPU
Optimizing NNI: done in 7.87206 secs using 793% CPU
Optimizing NNI: done in 6.52553 secs using 793.9% CPU
Optimizing NNI: done in 7.65698 secs using 793.8% CPU
Optimizing NNI: done in 7.70753 secs using 793.4% CPU
Optimizing NNI: done in 7.54193 secs using 794% CPU
Optimizing NNI: done in 9.88597 secs using 794% CPU
Optimizing NNI: done in 8.66537 secs using 793.5% CPU
Iteration 130 / LogL: -125679.544 / Time: 0h:18m:36s (0h:10m:5s left)
Optimizing NNI: done in 7.32038 secs using 793.4% CPU
Optimizing NNI: done in 7.54373 secs using 791.7% CPU
Optimizing NNI: done in 7.97991 secs using 792.2% CPU
Optimizing NNI: done in 9.98216 secs using 793% CPU
Optimizing NNI: done in 7.00434 secs using 793.4% CPU
Optimizing NNI: done in 7.27321 secs using 793.8% CPU
Optimizing NNI: done in 8.32131 secs using 792.5% CPU
Optimizing NNI: done in 8.00558 secs using 793.9% CPU
Optimizing NNI: done in 7.95487 secs using 793.1% CPU
Optimizing NNI: done in 6.48534 secs using 793.3% CPU
Iteration 140 / LogL: -125023.006 / Time: 0h:19m:55s (0h:8m:35s left)
Optimizing NNI: done in 9.79145 secs using 793.6% CPU
Optimizing NNI: done in 6.9216 secs using 792.8% CPU
Optimizing NNI: done in 7.43527 secs using 792.9% CPU
Optimizing NNI: done in 8.79362 secs using 792.9% CPU
Optimizing NNI: done in 9.88473 secs using 792.2% CPU
Optimizing NNI: done in 5.38014 secs using 791.9% CPU
Optimizing NNI: done in 8.96563 secs using 793.2% CPU
Optimizing NNI: done in 6.83146 secs using 794.1% CPU
Optimizing NNI: done in 7.57222 secs using 793.3% CPU
Optimizing NNI: done in 7.40659 secs using 793.6% CPU
Iteration 150 / LogL: -125021.449 / Time: 0h:21m:15s (0h:7m:7s left)
Log-likelihood cutoff on original alignment: -125118.616
Optimizing NNI: done in 7.6845 secs using 794% CPU
Optimizing NNI: done in 8.47537 secs using 793.8% CPU
Estimate model parameters (epsilon = 0.100)
Initial log-likelihood: -125021.003
Current log-likelihood at step 1: -125021.000
Parameters optimization took 0 rounds (0.405 sec)

BETTER TREE FOUND at iteration 152: -125021.000
Optimizing NNI: done in 8.33741 secs using 793.6% CPU
Optimizing NNI: done in 7.83909 secs using 792.5% CPU
Optimizing NNI: done in 8.7845 secs using 793.4% CPU
Optimizing NNI: done in 7.80971 secs using 792.7% CPU
Optimizing NNI: done in 7.09539 secs using 792.5% CPU
Optimizing NNI: done in 9.95811 secs using 792.4% CPU
Optimizing NNI: done in 7.28609 secs using 793.3% CPU
Optimizing NNI: done in 6.33235 secs using 793.7% CPU
Iteration 160 / LogL: -125159.591 / Time: 0h:22m:36s (0h:13m:4s left)
Optimizing NNI: done in 5.00165 secs using 794.1% CPU
Optimizing NNI: done in 9.44339 secs using 793.2% CPU
Optimizing NNI: done in 7.40482 secs using 793.4% CPU
Optimizing NNI: done in 6.71263 secs using 793.8% CPU
Optimizing NNI: done in 8.36372 secs using 792.6% CPU
Optimizing NNI: done in 8.51253 secs using 793.5% CPU
Optimizing NNI: done in 7.53902 secs using 792.2% CPU
Optimizing NNI: done in 8.85501 secs using 792.3% CPU
Optimizing NNI: done in 8.84155 secs using 792.3% CPU
Optimizing NNI: done in 11.2541 secs using 792.8% CPU
Iteration 170 / LogL: -125190.117 / Time: 0h:23m:59s (0h:11m:38s left)
Optimizing NNI: done in 8.86744 secs using 793.2% CPU
Optimizing NNI: done in 3.80838 secs using 793.9% CPU
Optimizing NNI: done in 9.39193 secs using 793.1% CPU
Optimizing NNI: done in 8.47281 secs using 793.5% CPU
Optimizing NNI: done in 7.11373 secs using 793.5% CPU
Optimizing NNI: done in 7.95138 secs using 792.6% CPU
Optimizing NNI: done in 5.72435 secs using 793.6% CPU
Optimizing NNI: done in 9.95476 secs using 792.9% CPU
Optimizing NNI: done in 7.72531 secs using 792.4% CPU
Optimizing NNI: done in 5.11565 secs using 793.6% CPU
Iteration 180 / LogL: -125026.288 / Time: 0h:25m:14s (0h:10m:9s left)
Optimizing NNI: done in 7.41745 secs using 793.3% CPU
Optimizing NNI: done in 12.3997 secs using 792.2% CPU
Optimizing NNI: done in 7.15088 secs using 792.5% CPU
Optimizing NNI: done in 8.11208 secs using 791.6% CPU
Optimizing NNI: done in 7.22455 secs using 792.9% CPU
Optimizing NNI: done in 9.95264 secs using 793.5% CPU
Estimate model parameters (epsilon = 0.100)
Initial log-likelihood: -125020.941
Current log-likelihood at step 1: -125020.938
Parameters optimization took 0 rounds (0.409 sec)

BETTER TREE FOUND at iteration 186: -125020.938
Optimizing NNI: done in 8.62177 secs using 793.4% CPU
Optimizing NNI: done in 8.38158 secs using 792.5% CPU
Optimizing NNI: done in 7.0614 secs using 793% CPU
Optimizing NNI: done in 6.54538 secs using 793.3% CPU
Iteration 190 / LogL: -125080.778 / Time: 0h:26m:38s (0h:13m:31s left)
Optimizing NNI: done in 7.90585 secs using 792.7% CPU
Optimizing NNI: done in 7.32244 secs using 793% CPU
Optimizing NNI: done in 10.6686 secs using 793% CPU
Optimizing NNI: done in 9.04324 secs using 792.8% CPU
Optimizing NNI: done in 6.11582 secs using 793.3% CPU
Optimizing NNI: done in 8.07465 secs using 793.3% CPU
Optimizing NNI: done in 8.88714 secs using 793.4% CPU
Optimizing NNI: done in 6.9516 secs using 793.4% CPU
Optimizing NNI: done in 7.85741 secs using 793.3% CPU
Optimizing NNI: done in 6.91289 secs using 793.8% CPU
Iteration 200 / LogL: -125022.129 / Time: 0h:27m:59s (0h:12m:5s left)
Log-likelihood cutoff on original alignment: -125118.616
NOTE: Bootstrap correlation coefficient of split occurrence frequencies: 0.997
Optimizing NNI: done in 8.21181 secs using 793.4% CPU
Optimizing NNI: done in 7.01707 secs using 793.3% CPU
Optimizing NNI: done in 7.87668 secs using 793.1% CPU
Optimizing NNI: done in 8.28185 secs using 792.5% CPU
Optimizing NNI: done in 8.18304 secs using 792.6% CPU
Optimizing NNI: done in 8.69833 secs using 792.8% CPU
Optimizing NNI: done in 8.15529 secs using 792.4% CPU
Optimizing NNI: done in 8.58325 secs using 792.9% CPU
Optimizing NNI: done in 11.6693 secs using 793.5% CPU
Optimizing NNI: done in 8.23363 secs using 793% CPU
Iteration 210 / LogL: -125618.093 / Time: 0h:29m:25s (0h:12m:40s left)
Optimizing NNI: done in 7.85639 secs using 793.5% CPU
Optimizing NNI: done in 7.29987 secs using 793.9% CPU
Optimizing NNI: done in 5.32761 secs using 793.6% CPU
Optimizing NNI: done in 7.52156 secs using 793.6% CPU
Optimizing NNI: done in 7.20036 secs using 793.5% CPU
Optimizing NNI: done in 6.84214 secs using 793% CPU
Optimizing NNI: done in 9.32072 secs using 792.6% CPU
Optimizing NNI: done in 7.8451 secs using 793.1% CPU
Optimizing NNI: done in 6.80364 secs using 792.9% CPU
Optimizing NNI: done in 5.81184 secs using 793.9% CPU
Iteration 220 / LogL: -125258.265 / Time: 0h:30m:37s (0h:11m:11s left)
Optimizing NNI: done in 8.29483 secs using 793.3% CPU
Optimizing NNI: done in 6.75795 secs using 793.2% CPU
Optimizing NNI: done in 7.71438 secs using 793.5% CPU
Optimizing NNI: done in 6.63092 secs using 793.6% CPU
Optimizing NNI: done in 7.82568 secs using 791.9% CPU
Optimizing NNI: done in 7.45785 secs using 792.7% CPU
Optimizing NNI: done in 9.97841 secs using 792.9% CPU
Optimizing NNI: done in 8.93997 secs using 792.8% CPU
Optimizing NNI: done in 9.85654 secs using 793.6% CPU
Optimizing NNI: done in 9.77197 secs using 792.8% CPU
Iteration 230 / LogL: -125021.931 / Time: 0h:32m:2s (0h:9m:47s left)
Optimizing NNI: done in 8.34372 secs using 793.1% CPU
Optimizing NNI: done in 8.03067 secs using 793.6% CPU
Optimizing NNI: done in 8.53178 secs using 793.1% CPU
Optimizing NNI: done in 9.10358 secs using 792.9% CPU
Optimizing NNI: done in 7.27336 secs using 792.2% CPU
Optimizing NNI: done in 5.40897 secs using 793.3% CPU
Optimizing NNI: done in 7.17319 secs using 792.3% CPU
Optimizing NNI: done in 9.81824 secs using 792.9% CPU
Optimizing NNI: done in 8.60288 secs using 792.5% CPU
Optimizing NNI: done in 5.31317 secs using 793.3% CPU
Iteration 240 / LogL: -125186.803 / Time: 0h:33m:20s (0h:8m:22s left)
Optimizing NNI: done in 9.6242 secs using 792.9% CPU
Optimizing NNI: done in 8.70774 secs using 792.9% CPU
Optimizing NNI: done in 7.25052 secs using 792.7% CPU
Optimizing NNI: done in 10.7468 secs using 791.2% CPU
Optimizing NNI: done in 7.537 secs using 792.4% CPU
Optimizing NNI: done in 8.40324 secs using 792.5% CPU
Optimizing NNI: done in 7.33601 secs using 791.4% CPU
Optimizing NNI: done in 8.66686 secs using 792% CPU
Optimizing NNI: done in 9.71461 secs using 792.2% CPU
Optimizing NNI: done in 7.96708 secs using 791.9% CPU
Iteration 250 / LogL: -125035.341 / Time: 0h:34m:47s (0h:6m:59s left)
Log-likelihood cutoff on original alignment: -125118.616
Optimizing NNI: done in 10.3626 secs using 793% CPU
Optimizing NNI: done in 6.97891 secs using 792.1% CPU
Optimizing NNI: done in 8.88728 secs using 792.7% CPU
Optimizing NNI: done in 6.87181 secs using 792.3% CPU
Optimizing NNI: done in 6.73146 secs using 792.5% CPU
Optimizing NNI: done in 7.47119 secs using 792.8% CPU
Optimizing NNI: done in 5.84452 secs using 793.1% CPU
Optimizing NNI: done in 8.52492 secs using 792.2% CPU
Optimizing NNI: done in 6.40791 secs using 792.3% CPU
Optimizing NNI: done in 7.06257 secs using 792.5% CPU
Iteration 260 / LogL: -125021.609 / Time: 0h:36m:3s (0h:5m:34s left)
Optimizing NNI: done in 7.44113 secs using 792.6% CPU
Optimizing NNI: done in 8.97787 secs using 792.9% CPU
Optimizing NNI: done in 8.08452 secs using 793% CPU
Optimizing NNI: done in 8.15882 secs using 792.7% CPU
Optimizing NNI: done in 6.99501 secs using 793.6% CPU
Optimizing NNI: done in 9.60171 secs using 793% CPU
Optimizing NNI: done in 7.53586 secs using 792.1% CPU
Optimizing NNI: done in 8.29072 secs using 792.4% CPU
Optimizing NNI: done in 7.21113 secs using 792.3% CPU
Optimizing NNI: done in 8.23012 secs using 792.3% CPU
Iteration 270 / LogL: -125021.277 / Time: 0h:37m:25s (0h:4m:10s left)
Optimizing NNI: done in 6.45801 secs using 792.4% CPU
Optimizing NNI: done in 7.0032 secs using 792.5% CPU
Optimizing NNI: done in 9.10328 secs using 792.4% CPU
Optimizing NNI: done in 7.28642 secs using 792.7% CPU
Optimizing NNI: done in 8.61176 secs using 793% CPU
Optimizing NNI: done in 10.3689 secs using 793.1% CPU
Optimizing NNI: done in 7.43034 secs using 792.5% CPU
Optimizing NNI: done in 8.12795 secs using 792.2% CPU
Optimizing NNI: done in 7.14437 secs using 792% CPU
Optimizing NNI: done in 7.3267 secs using 791.9% CPU
Iteration 280 / LogL: -125024.073 / Time: 0h:38m:45s (0h:2m:46s left)
Optimizing NNI: done in 6.98511 secs using 792.1% CPU
Optimizing NNI: done in 7.77113 secs using 792.4% CPU
Optimizing NNI: done in 7.17516 secs using 792.8% CPU
Optimizing NNI: done in 7.24405 secs using 793.2% CPU
Optimizing NNI: done in 8.63683 secs using 793.1% CPU
Optimizing NNI: done in 11.0434 secs using 793.1% CPU
Optimizing NNI: done in 8.04933 secs using 793.5% CPU
TREE SEARCH COMPLETED AFTER 287 ITERATIONS / Time: 0h:39m:42s

--------------------------------------------------------------------
|                    FINALIZING TREE SEARCH                        |
--------------------------------------------------------------------
Performs final model parameters optimization
Estimate model parameters (epsilon = 0.010)
Initial log-likelihood: -125020.938
Current log-likelihood at step 1: -125020.938
Parameters optimization took 0 rounds (0.408 sec)

Partition information was printed to combined_top50.partition.best_model.nex
BEST SCORE FOUND : -125020.938

Testing tree branches by SH-like aLRT with 1000 replicates...
4.386 sec.
Creating bootstrap support values...
Split supports printed to NEXUS file combined_top50.partition.splits.nex
Total tree length: 1.486

Total number of iterations: 287
CPU time used for tree search: 17971.283 sec (4h:59m:31s)
Wall-clock time used for tree search: 2295.811 sec (0h:38m:15s)
Total CPU time used: 18432.665 sec (5h:7m:12s)
Total wall-clock time used: 2387.726 sec (0h:39m:47s)

Computing bootstrap consensus tree...
Reading input file combined_top50.partition.splits.nex...
96 taxa and 709 splits.
Consensus tree written to combined_top50.partition.contree
Reading input trees file combined_top50.partition.contree
Log-likelihood of consensus tree: -125021.972

Analysis results written to: 
  IQ-TREE report:                combined_top50.partition.iqtree
  Maximum-likelihood tree:       combined_top50.partition.treefile
  Likelihood distances:          combined_top50.partition.mldist

Ultrafast bootstrap approximation results written to:
  Split support values:          combined_top50.partition.splits.nex
  Consensus tree:                combined_top50.partition.contree
  Screen log file:               combined_top50.partition.log

Date and Time: Mon Feb 12 17:06:23 2024
