IQ-TREE multicore version 2.2.2.7 COVID-edition for Linux 64-bit built May 31 2023
Developed by Bui Quang Minh, James Barbetti, Nguyen Lam Tung,
Olga Chernomor, Heiko Schmidt, Dominik Schrempf, Michael Woodhams, Ly Trong Nhan.

Host:    c130601.ll.unc.edu (AVX2, FMA3, 1006 GB RAM)
Command: iqtree2 -q combined_top50.partition -alrt 1000 -bb 1000 -s phyling_align_top50/Top50_multi.mfa -nt AUTO
Seed:    440484 (Using SPRNG - Scalable Parallel Random Number Generator)
Time:    Wed Jan 31 20:11:10 2024
Kernel:  AVX+FMA - auto-detect threads (16 CPU cores detected)

Reading partition model file combined_top50.partition ...
Reading alignment file phyling_align_top50/Top50_multi.mfa ... Fasta format detected
Reading fasta file: done in 0.0688682 secs using 83.39% CPU
Alignment most likely contains DNA/RNA sequences
Constructing alignment: done in 0.0575721 secs using 51.75% CPU
Alignment has 94 sequences with 57324 columns, 16086 distinct patterns
25270 parsimony-informative, 4759 singleton sites, 27295 constant sites
                                                           Gap/Ambiguity  Composition  p-value
Analyzing sequences: done in 0.00531006 secs using 99.08% CPU
   1  Aspergillus_fumigatus_Af293                                  7.37%    failed      0.00%
   2  Histoplasma_capsulatum_07_12-RJ                             42.81%    failed      4.20%
   3  Histoplasma_capsulatum_104_p_06                              4.83%    passed     52.58%
   4  Histoplasma_capsulatum_117_p_12                              3.29%    passed     67.28%
   5  Histoplasma_capsulatum_122_p_10_B                            2.25%    passed     36.43%
   6  Histoplasma_capsulatum_136_P_07                              0.86%    passed     63.40%
   7  Histoplasma_capsulatum_144_p_08                              0.80%    passed     62.14%
   8  Histoplasma_capsulatum_1517_p_17                             0.80%    passed     62.91%
   9  Histoplasma_capsulatum_256_P_18                              0.88%    passed     62.69%
  10  Histoplasma_capsulatum_316_p_10                              2.37%    passed     41.83%
  11  Histoplasma_capsulatum_327_P_12                              2.25%    passed     65.19%
  12  Histoplasma_capsulatum_343_p_18                              4.38%    passed     37.59%
  13  Histoplasma_capsulatum_388_p_11                              3.54%    passed     34.33%
  14  Histoplasma_capsulatum_CB053-2                              12.51%    passed     87.97%
  15  Histoplasma_capsulatum_CB055-2                              10.11%    passed     84.42%
  16  Histoplasma_capsulatum_CB062-2                               7.79%    passed     69.97%
  17  Histoplasma_capsulatum_CB063-2                               6.46%    passed     92.29%
  18  Histoplasma_capsulatum_CB064-2                               8.35%    passed     38.55%
  19  Histoplasma_capsulatum_CB065-2                              10.41%    passed     92.65%
  20  Histoplasma_capsulatum_CB066-2                               6.42%    passed     90.67%
  21  Histoplasma_capsulatum_CB168-2                              12.86%    passed     94.05%
  22  Histoplasma_capsulatum_CB174-2                               8.77%    passed     80.17%
  23  Histoplasma_capsulatum_CB180-2                               6.98%    passed     59.39%
  24  Histoplasma_capsulatum_CB186-2                              12.44%    passed     65.77%
  25  Histoplasma_capsulatum_CB192-2                               5.54%    passed     87.77%
  26  Histoplasma_capsulatum_Dr_Anuradha_Fungal_WGS_S11            0.80%    passed     61.98%
  27  Histoplasma_capsulatum_Dr_Anuradha_Fungal_WGS_S14            2.25%    passed     65.10%
  28  Histoplasma_capsulatum_Dr_Anuradha_Fungal_WGS_S16            0.80%    passed     61.98%
  29  Histoplasma_capsulatum_ES2_83Z                              22.49%    passed     25.53%
  30  Histoplasma_capsulatum_ES2_85Z                              46.32%    failed      0.06%
  31  Histoplasma_capsulatum_ES2_86Z                              23.31%    failed      4.18%
  32  Histoplasma_capsulatum_ES2_88Z                              51.82%    passed     32.55%
  33  Histoplasma_capsulatum_ES2_89Z                               7.48%    passed     96.48%
  34  Histoplasma_capsulatum_HCH143                               17.43%    passed     96.93%
  35  Histoplasma_capsulatum_HISSP-1014-Belem3                     6.42%    passed     56.05%
  36  Histoplasma_capsulatum_HISSP-11571-Belem1                   46.74%    passed     24.66%
  37  Histoplasma_capsulatum_HISSP-B05821                         31.59%    passed     43.14%
  38  Histoplasma_capsulatum_HISSP-CM6015                         40.99%    failed      3.19%
  39  Histoplasma_capsulatum_HISSP-CM6408                         28.84%    passed     28.95%
  40  Histoplasma_capsulatum_HISSP-CM7256-xx-CL-SEN-xxxx-036-BB   19.19%    passed     69.27%
  41  Histoplasma_capsulatum_HISSP-FGAMA2041                      47.67%    passed     77.25%
  42  Histoplasma_capsulatum_HISSP-FGBIK2051                      27.38%    passed     82.27%
  43  Histoplasma_capsulatum_HISSP-FGBON2001                      10.58%    passed     40.39%
  44  Histoplasma_capsulatum_HISSP-FGFAN2059                      40.51%    passed     63.86%
  45  Histoplasma_capsulatum_HISSP-FGFAR0189                      38.21%    failed      0.00%
  46  Histoplasma_capsulatum_HISSP-FGFER2036                      45.56%    passed     12.58%
  47  Histoplasma_capsulatum_HISSP-FGFIN2028                      35.82%    failed      0.00%
  48  Histoplasma_capsulatum_HISSP-FGJOS2044                      44.04%    passed      9.48%
  49  Histoplasma_capsulatum_HISSP-FGLIN2055                      56.63%    passed     28.64%
  50  Histoplasma_capsulatum_HISSP-FGMAR2044                      40.26%    failed      0.00%
  51  Histoplasma_capsulatum_HISSP-FGPIA2052                      33.42%    passed     23.23%
  52  Histoplasma_capsulatum_HISSP-FGPIE2055                      18.21%    passed     61.74%
  53  Histoplasma_capsulatum_HISSP-FGPSO2043                      51.67%    failed      0.00%
  54  Histoplasma_capsulatum_HISSP-FGTRO0285                      41.87%    failed      0.00%
  55  Histoplasma_capsulatum_Histo-485P20                          2.25%    passed     65.10%
  56  Histoplasma_capsulatum_JB_01752-Hc_01752                    24.80%    passed     70.24%
  57  Histoplasma_capsulatum_JB_021091-Hc_021091                  21.12%    passed     15.20%
  58  Histoplasma_capsulatum_JB_031837-Hc_031837                  47.25%    failed      0.05%
  59  Histoplasma_capsulatum_JB_042430-Hc_042430                   1.02%    passed     81.04%
  60  Histoplasma_capsulatum_JB_062632-Hc_062632                  44.48%    failed      0.65%
  61  Histoplasma_capsulatum_JB_062775-Hc_062775                  15.08%    passed     91.80%
  62  Histoplasma_capsulatum_JB_073129-Hc_073129                  34.61%    passed     11.52%
  63  Histoplasma_capsulatum_JB_083285_2-Hc_083285_2              23.38%    passed     78.17%
  64  Histoplasma_capsulatum_NACVFR_Histo_HC1070058_2             25.48%    passed     29.11%
  65  Histoplasma_capsulatum_SA15                                 34.29%    passed     48.23%
  66  Histoplasma_capsulatum_SECH_100-Nam2_G186A                  45.17%    passed     97.95%
  67  Histoplasma_capsulatum_SECH_101-Nam2_G184A                  22.57%    passed     82.86%
  68  Histoplasma_capsulatum_SECH_107-mis_Hc_duboisii-B           53.88%    failed      2.61%
  69  Histoplasma_capsulatum_SECH_109                             19.56%    passed     86.23%
  70  Histoplasma_capsulatum_SECH_110                             30.35%    passed     29.91%
  71  Histoplasma_mississippiense_II_SECH_81-Nam1_WU24             8.42%    passed     65.95%
  72  Histoplasma_mississippiense_II_SECH_83-Nam1_CI_7             9.06%    passed     85.83%
  73  Histoplasma_mississippiense_II_SECH_84-Nam1_CI_19            8.03%    passed     62.17%
  74  Histoplasma_mississippiense_II_SECH_85-Nam1_CI_22           26.91%    passed     39.53%
  75  Histoplasma_mississippiense_II_SECH_86-Nam1_CI_24           21.44%    passed     47.37%
  76  Histoplasma_mississippiense_II_SECH_87-Nam1_CI_42           14.11%    passed     96.92%
  77  Histoplasma_mississippiense_II_SECH_88-Nam1_CI_43           17.96%    passed     77.54%
  78  Histoplasma_mississippiense_II_SECH_90-Nam1_DOWNS           16.95%    passed     99.57%
  79  Histoplasma_mississippiense_I_SECH_89-Nam1_UCLA-531         22.25%    passed     40.19%
  80  Histoplasma_ohiense_SECH_82-Nam1_CI_4                       10.85%    passed     72.92%
  81  Histoplasma_ohiense_SECH_91-Nam2_G217B                      15.91%    passed     92.32%
  82  Histoplasma_ohiense_SECH_92-Nam2_G222B                      16.98%    passed     96.46%
  83  Histoplasma_ohiense_SECH_93-Nam2_CI_6                       32.52%    passed     92.28%
  84  Histoplasma_ohiense_SECH_94-Nam2_CI_9                       30.76%    passed     66.77%
  85  Histoplasma_ohiense_SECH_95-Nam2_CI_10                      21.76%    passed     92.77%
  86  Histoplasma_ohiense_SECH_96-Nam2_CI_17                      35.77%    passed     38.60%
  87  Histoplasma_ohiense_SECH_97-Nam2_CI_18                      13.48%    passed     98.25%
  88  Histoplasma_ohiense_SECH_98-Nam2_CI_30                      22.17%    passed     91.16%
  89  Histoplasma_ohiense_SECH_99-Nam2_CI_35                       7.36%    passed     81.40%
  90  Histoplasma_suramericanum_SECH_103-Nam2_3_11G               22.47%    failed      0.09%
  91  Histoplasma_suramericanum_SECH_104-Nam2_27_14               29.66%    passed      8.53%
  92  Histoplasma_capsulatum_ES2_90Z                              37.97%    passed     34.19%
  93  Histoplasma_capsulatum_HISSP-FGPERS2034                     19.54%    passed     50.56%
  94  Histoplasma_mississippiense_II_SECH_102-Nam2_505            47.17%    failed      1.01%
WARNING: 4 sequences contain more than 50% gaps/ambiguity
****  TOTAL                                                       21.47%  15 sequences failed composition chi2 test (p-value<5%; df=3)

Partition file is not in NEXUS format, assuming RAxML-style partition file...
Identifying sites to remove: done in 0.000390053 secs using 99.99% CPU
Identifying sites to remove: done in 0.000442982 secs using 100% CPU
Identifying sites to remove: done in 0.00039506 secs using 99.98% CPU
Identifying sites to remove: done in 0.00125504 secs using 99.6% CPU
Identifying sites to remove: done in 0.000231981 secs using 97.85% CPU
Identifying sites to remove: done in 0.001472 secs using 99.12% CPU
Identifying sites to remove: done in 0.00048995 secs using 98.99% CPU
Identifying sites to remove: done in 0.000682116 secs using 99.98% CPU
Identifying sites to remove: done in 0.000487089 secs using 98.54% CPU
Identifying sites to remove: done in 0.000211 secs using 100% CPU
Identifying sites to remove: done in 0.000235081 secs using 99.97% CPU
Identifying sites to remove: done in 0.000226974 secs using 99.57% CPU
Identifying sites to remove: done in 0.000356913 secs using 100% CPU
Identifying sites to remove: done in 0.000371933 secs using 100% CPU
Identifying sites to remove: done in 0.000209093 secs using 97.09% CPU
Identifying sites to remove: done in 0.000478029 secs using 98.95% CPU
Identifying sites to remove: done in 0.000247955 secs using 100% CPU
Identifying sites to remove: done in 0.000178099 secs using 94.89% CPU
Identifying sites to remove: done in 0.00149417 secs using 99.65% CPU
Identifying sites to remove: done in 0.00134802 secs using 99.55% CPU
Identifying sites to remove: done in 0.000952005 secs using 99.47% CPU
Identifying sites to remove: done in 0.000925064 secs using 99.34% CPU
Identifying sites to remove: done in 0.00111389 secs using 99.56% CPU
Identifying sites to remove: done in 0.00138497 secs using 40.87% CPU
Identifying sites to remove: done in 0.00129604 secs using 87.73% CPU
Identifying sites to remove: done in 0.00121689 secs using 59.09% CPU
Identifying sites to remove: done in 0.000867844 secs using 88.96% CPU
Identifying sites to remove: done in 0.00100398 secs using 43.93% CPU
Identifying sites to remove: done in 0.00088501 secs using 91.64% CPU
Identifying sites to remove: done in 0.00117898 secs using 84.73% CPU
Identifying sites to remove: done in 0.000781059 secs using 80.4% CPU
Identifying sites to remove: done in 0.00100517 secs using 99.29% CPU
Identifying sites to remove: done in 0.00104308 secs using 99.32% CPU
Identifying sites to remove: done in 0.000986814 secs using 99.41% CPU
Identifying sites to remove: done in 0.00100303 secs using 99.4% CPU
Identifying sites to remove: done in 0.000690937 secs using 85.39% CPU
Identifying sites to remove: done in 0.000814199 secs using 99.48% CPU
Identifying sites to remove: done in 0.000779867 secs using 95.27% CPU
Identifying sites to remove: done in 0.000876188 secs using 99.18% CPU
Identifying sites to remove: done in 0.000844955 secs using 99.06% CPU
Identifying sites to remove: done in 0.000663042 secs using 99.99% CPU
Identifying sites to remove: done in 0.000622988 secs using 68.7% CPU
Identifying sites to remove: done in 0.000463963 secs using 53.24% CPU
Identifying sites to remove: done in 0.00048089 secs using 98.78% CPU
Identifying sites to remove: done in 0.000531912 secs using 99.08% CPU
Identifying sites to remove: done in 0.000577211 secs using 98.92% CPU
Identifying sites to remove: done in 0.000498056 secs using 98.78% CPU
Identifying sites to remove: done in 0.000309944 secs using 98.4% CPU
Identifying sites to remove: done in 0.000699997 secs using 99.43% CPU
Identifying sites to remove: done in 0.000530958 secs using 100% CPU
Subset	Type	Seqs	Sites	Infor	Invar	Model	Name
1	AA	91	570	224	309	TIM2ef+I+G4	100489at147545.cds
2	AA	79	762	244	406	TIM2ef+I+G4	101424at147545.cds
3	AA	76	606	190	344	TIM2ef+I+G4	101803at147545.cds
4	AA	49	2706	1297	1211	TIM2ef+I+G4	10330at147545.cds
5	AA	59	507	192	305	TIM2ef+I+G4	103491at147545.cds
6	AA	59	2847	950	1224	TIM2ef+I+G4	10553at147545.cds
7	AA	80	858	397	354	TIM2ef+I+G4	107512at147545.cds
8	AA	75	1017	584	339	TIM2ef+I+G4	109398at147545.cds
9	AA	81	759	435	285	TIM2ef+I+G4	109627at147545.cds
10	AA	73	390	80	283	TIM2ef+I+G4	111668at147545.cds
11	AA	79	408	114	236	TIM2ef+I+G4	112316at147545.cds
12	AA	77	408	78	318	TIM2ef+I+G4	112526at147545.cds
13	AA	76	582	452	124	TIM2ef+I+G4	113970at147545.cds
14	AA	86	495	285	186	TIM2ef+I+G4	114217at147545.cds
15	AA	78	345	119	199	TIM2ef+I+G4	115802at147545.cds
16	AA	73	786	453	226	TIM2ef+I+G4	115853at147545.cds
17	AA	73	438	161	251	TIM2ef+I+G4	118119at147545.cds
18	AA	66	252	97	148	TIM2ef+I+G4	119262at147545.cds
19	AA	82	2406	1150	1119	TIM2ef+I+G4	14123at147545.cds
20	AA	80	2052	1135	808	TIM2ef+I+G4	25804at147545.cds
21	AA	81	1668	586	889	TIM2ef+I+G4	26114at147545.cds
22	AA	78	1686	547	949	TIM2ef+I+G4	29398at147545.cds
23	AA	84	1755	1223	453	TIM2ef+I+G4	30334at147545.cds
24	AA	85	1857	917	877	TIM2ef+I+G4	30420at147545.cds
25	AA	85	1689	792	812	TIM2ef+I+G4	31211at147545.cds
26	AA	64	2049	991	901	TIM2ef+I+G4	33099at147545.cds
27	AA	67	1677	738	723	TIM2ef+I+G4	37149at147545.cds
28	AA	79	1428	830	533	TIM2ef+I+G4	45324at147545.cds
29	AA	84	1344	585	713	TIM2ef+I+G4	46768at147545.cds
30	AA	73	1650	815	740	TIM2ef+I+G4	47015at147545.cds
31	AA	80	1308	457	809	TIM2ef+I+G4	47488at147545.cds
32	AA	78	1527	627	831	TIM2ef+I+G4	48331at147545.cds
33	AA	76	1578	640	826	TIM2ef+I+G4	49761at147545.cds
34	AA	69	1473	655	752	TIM2ef+I+G4	52223at147545.cds
35	AA	76	1434	843	367	TIM2ef+I+G4	55603at147545.cds
36	AA	80	1095	378	633	TIM2ef+I+G4	60098at147545.cds
37	AA	83	1209	503	653	TIM2ef+I+G4	61270at147545.cds
38	AA	70	1152	543	496	TIM2ef+I+G4	61608at147545.cds
39	AA	72	1188	512	524	TIM2ef+I+G4	66530at147545.cds
40	AA	78	1227	476	620	TIM2ef+I+G4	66556at147545.cds
41	AA	77	963	431	471	TIM2ef+I+G4	68539at147545.cds
42	AA	78	864	390	457	TIM2ef+I+G4	74241at147545.cds
43	AA	66	837	233	524	TIM2ef+I+G4	78806at147545.cds
44	AA	65	786	152	532	TIM2ef+I+G4	84672at147545.cds
45	AA	70	852	328	510	TIM2ef+I+G4	85577at147545.cds
46	AA	83	837	294	454	TIM2ef+I+G4	89555at147545.cds
47	AA	81	804	269	512	TIM2ef+I+G4	91275at147545.cds
48	AA	59	642	153	433	TIM2ef+I+G4	97109at147545.cds
49	AA	73	912	377	366	TIM2ef+I+G4	99572at147545.cds
50	AA	86	639	348	260	TIM2ef+I+G4	99957at147545.cds
Degree of missing data: 0.206
Info: multi-threading strategy over partitions

NOTE: Histoplasma_capsulatum_Dr_Anuradha_Fungal_WGS_S16 is identical to Histoplasma_capsulatum_Dr_Anuradha_Fungal_WGS_S11 but kept for subsequent analysis
NOTE: Histoplasma_capsulatum_Histo-485P20 is identical to Histoplasma_capsulatum_Dr_Anuradha_Fungal_WGS_S14 but kept for subsequent analysis

Create initial parsimony tree by phylogenetic likelihood library (PLL)... 0.201 seconds
Generating 1000 samples for ultrafast bootstrap (seed: 440484)...

NOTE: 222 MB RAM (0 GB) is required!
Measuring multi-threading efficiency up to 16 CPU cores
Increase to 10 rounds for branch lengths
6 trees examined
Threads: 1 / Time: 17.611 sec / Speedup: 1.000 / Efficiency: 100% / LogL: -669212
Threads: 2 / Time: 12.401 sec / Speedup: 1.420 / Efficiency: 71% / LogL: -669212
Threads: 3 / Time: 9.120 sec / Speedup: 1.931 / Efficiency: 64% / LogL: -669212
Threads: 4 / Time: 6.683 sec / Speedup: 2.635 / Efficiency: 66% / LogL: -669212
Threads: 5 / Time: 6.033 sec / Speedup: 2.919 / Efficiency: 58% / LogL: -669212
Threads: 6 / Time: 5.428 sec / Speedup: 3.245 / Efficiency: 54% / LogL: -669212
Threads: 7 / Time: 5.185 sec / Speedup: 3.397 / Efficiency: 49% / LogL: -669212
Determining AUTO threadcount: done in 62.4722 secs using 308.3% CPU
BEST NUMBER OF THREADS: 6

Estimate model parameters (epsilon = 0.100)
Initial log-likelihood: -328143.295
Current log-likelihood at step 1: -317036.879
Current log-likelihood at step 2: -316023.338
Current log-likelihood at step 3: -315819.280
Current log-likelihood at step 4: -315737.730
Current log-likelihood at step 5: -315668.095
Current log-likelihood at step 6: -315643.242
Current log-likelihood at step 7: -315627.520
Current log-likelihood at step 8: -315616.919
Current log-likelihood at step 9: -315609.326
Current log-likelihood at step 10: -315604.069
Current log-likelihood at step 11: -315600.253
Current log-likelihood at step 12: -315597.341
Current log-likelihood at step 13: -315595.106
Current log-likelihood at step 14: -315593.291
Current log-likelihood at step 15: -315591.743
Current log-likelihood at step 16: -315590.457
Current log-likelihood at step 17: -315589.472
Current log-likelihood at step 18: -315588.738
Current log-likelihood at step 19: -315588.196
Current log-likelihood at step 20: -315587.751
Current log-likelihood at step 21: -315587.390
Current log-likelihood at step 22: -315587.074
Current log-likelihood at step 23: -315586.815
Current log-likelihood at step 24: -315586.597
Current log-likelihood at step 25: -315586.410
Current log-likelihood at step 26: -315586.246
Current log-likelihood at step 27: -315586.112
Current log-likelihood at step 28: -315585.993
Current log-likelihood at step 29: -315585.889
Current log-likelihood at step 30: -315585.797
Parameters optimization took 29 rounds (11.102 sec)

Wrote distance file to... 
Computing ML distances based on estimated model parameters...
Calculating distance matrix: done in 0.000405788 secs using 638.3% CPU
Computing ML distances took 0.000485 sec (of wall-clock time) 0.002893 sec (of CPU time)
WARNING: Some pairwise ML distances are too long (saturated)
Setting up auxiliary I and S matrices: done in 0.000121832 secs using 693.6% CPU
Constructing RapidNJ tree: done in 0.00285697 secs using 549.5% CPU
Computing RapidNJ tree took 0.003020 sec (of wall-clock time) 0.016727 sec (of CPU time)
Log-likelihood of RapidNJ tree: -520524.212
--------------------------------------------------------------------
|             INITIALIZING CANDIDATE TREE SET                      |
--------------------------------------------------------------------
Generating 98 parsimony trees... 22.205 second
Computing log-likelihood of 98 initial trees ... 11.435 seconds
Current best score: -315218.427

Do NNI search on 20 best initial trees
Optimizing NNI: done in 2.6897 secs using 591.9% CPU
Estimate model parameters (epsilon = 0.100)
Initial log-likelihood: -314692.260
Current log-likelihood at step 1: -314662.543
Current log-likelihood at step 2: -314659.479
Current log-likelihood at step 3: -314657.849
Current log-likelihood at step 4: -314656.862
Current log-likelihood at step 5: -314656.147
Current log-likelihood at step 6: -314655.624
Current log-likelihood at step 7: -314655.227
Current log-likelihood at step 8: -314654.938
Current log-likelihood at step 9: -314654.730
Current log-likelihood at step 10: -314654.581
Current log-likelihood at step 11: -314654.475
Current log-likelihood at step 12: -314654.400
Parameters optimization took 11 rounds (3.090 sec)

BETTER TREE FOUND at iteration 1: -314654.400
Optimizing NNI: done in 2.44608 secs using 592.8% CPU
Optimizing NNI: done in 2.97122 secs using 591.5% CPU
Optimizing NNI: done in 2.62396 secs using 592.6% CPU
Optimizing NNI: done in 3.30535 secs using 592.6% CPU
Optimizing NNI: done in 2.84525 secs using 592.2% CPU
Optimizing NNI: done in 3.37658 secs using 592.1% CPU
Optimizing NNI: done in 2.29212 secs using 592.6% CPU
Optimizing NNI: done in 2.80248 secs using 591.6% CPU
Optimizing NNI: done in 2.74582 secs using 591.5% CPU
Iteration 10 / LogL: -314821.053 / Time: 0h:2m:25s
Optimizing NNI: done in 2.77546 secs using 593.5% CPU
Optimizing NNI: done in 2.60831 secs using 592.1% CPU
Optimizing NNI: done in 2.42499 secs using 592.6% CPU
Optimizing NNI: done in 2.74719 secs using 592.2% CPU
Optimizing NNI: done in 2.61305 secs using 591.9% CPU
Optimizing NNI: done in 2.40404 secs using 592.5% CPU
Optimizing NNI: done in 2.81541 secs using 591.9% CPU
Optimizing NNI: done in 3.20391 secs using 592.7% CPU
Optimizing NNI: done in 3.31466 secs using 593.1% CPU
Optimizing NNI: done in 3.07302 secs using 591.7% CPU
Iteration 20 / LogL: -314797.888 / Time: 0h:2m:53s
Finish initializing candidate tree set (20)
Current best tree score: -314654.400 / CPU time: 93.216
Number of iterations: 20
--------------------------------------------------------------------
|               OPTIMIZING CANDIDATE TREE SET                      |
--------------------------------------------------------------------
Optimizing NNI: done in 2.96738 secs using 593.1% CPU
Optimizing NNI: done in 2.55889 secs using 593.9% CPU
Optimizing NNI: done in 2.29314 secs using 592.7% CPU
Optimizing NNI: done in 2.49072 secs using 593.5% CPU
Optimizing NNI: done in 2.32587 secs using 593.5% CPU
Optimizing NNI: done in 2.57236 secs using 593.2% CPU
Optimizing NNI: done in 2.252 secs using 593.9% CPU
Optimizing NNI: done in 2.65581 secs using 593.3% CPU
Optimizing NNI: done in 3.06261 secs using 592.4% CPU
Optimizing NNI: done in 2.41752 secs using 593.1% CPU
Iteration 30 / LogL: -314707.916 / Time: 0h:3m:19s (0h:8m:7s left)
Optimizing NNI: done in 2.10653 secs using 593.1% CPU
Optimizing NNI: done in 2.32208 secs using 593.9% CPU
Optimizing NNI: done in 3.79325 secs using 593% CPU
Optimizing NNI: done in 2.4296 secs using 593.4% CPU
Optimizing NNI: done in 3.1146 secs using 593% CPU
Optimizing NNI: done in 3.06154 secs using 594.5% CPU
Optimizing NNI: done in 2.52581 secs using 593.8% CPU
Optimizing NNI: done in 1.79508 secs using 592.5% CPU
Optimizing NNI: done in 2.16353 secs using 593% CPU
Optimizing NNI: done in 2.4565 secs using 592.2% CPU
Iteration 40 / LogL: -314673.243 / Time: 0h:3m:45s (0h:5m:51s left)
Optimizing NNI: done in 2.66833 secs using 593.8% CPU
Optimizing NNI: done in 2.55249 secs using 593.3% CPU
Optimizing NNI: done in 2.63407 secs using 594.2% CPU
Optimizing NNI: done in 2.68575 secs using 592.9% CPU
Optimizing NNI: done in 2.12105 secs using 593.6% CPU
Optimizing NNI: done in 2.34832 secs using 593.9% CPU
Optimizing NNI: done in 2.49965 secs using 593.5% CPU
Optimizing NNI: done in 1.82801 secs using 594.5% CPU
Optimizing NNI: done in 2.86051 secs using 593.8% CPU
Optimizing NNI: done in 2.20088 secs using 594.1% CPU
Iteration 50 / LogL: -315451.707 / Time: 0h:4m:10s (0h:4m:20s left)
Log-likelihood cutoff on original alignment: -314745.264
Optimizing NNI: done in 2.69246 secs using 593.9% CPU
Optimizing NNI: done in 2.2019 secs using 593.6% CPU
Optimizing NNI: done in 2.40829 secs using 594% CPU
Optimizing NNI: done in 3.05708 secs using 593.2% CPU
Optimizing NNI: done in 2.10687 secs using 594.6% CPU
Optimizing NNI: done in 3.20633 secs using 593.9% CPU
Optimizing NNI: done in 2.36793 secs using 594.1% CPU
Optimizing NNI: done in 2.18091 secs using 593% CPU
Optimizing NNI: done in 2.42094 secs using 593.3% CPU
Optimizing NNI: done in 2.44919 secs using 593.6% CPU
Estimate model parameters (epsilon = 0.100)
Initial log-likelihood: -314652.966
Current log-likelihood at step 1: -314652.066
Current log-likelihood at step 2: -314651.420
Current log-likelihood at step 3: -314651.198
Current log-likelihood at step 4: -314651.132
Parameters optimization took 3 rounds (1.108 sec)

BETTER TREE FOUND at iteration 60: -314651.132
Iteration 60 / LogL: -314651.132 / Time: 0h:4m:36s (0h:7m:48s left)
Optimizing NNI: done in 2.34734 secs using 593.2% CPU
Optimizing NNI: done in 2.72994 secs using 594% CPU
Optimizing NNI: done in 2.87279 secs using 593.6% CPU
Optimizing NNI: done in 2.21514 secs using 593.9% CPU
Optimizing NNI: done in 2.51927 secs using 592.4% CPU
Optimizing NNI: done in 2.89788 secs using 593.2% CPU
Optimizing NNI: done in 2.74033 secs using 593.6% CPU
Optimizing NNI: done in 2.40152 secs using 592.8% CPU
Optimizing NNI: done in 2.09322 secs using 593.6% CPU
Optimizing NNI: done in 2.97061 secs using 593.9% CPU
Iteration 70 / LogL: -314674.493 / Time: 0h:5m:3s (0h:6m:34s left)
Optimizing NNI: done in 2.46438 secs using 594.2% CPU
Optimizing NNI: done in 2.1915 secs using 593.2% CPU
Optimizing NNI: done in 2.11686 secs using 593.5% CPU
Optimizing NNI: done in 2.55161 secs using 593.4% CPU
Optimizing NNI: done in 2.59878 secs using 593.1% CPU
Optimizing NNI: done in 2.14758 secs using 593.5% CPU
Optimizing NNI: done in 2.0248 secs using 592.6% CPU
Optimizing NNI: done in 2.45265 secs using 593.2% CPU
Optimizing NNI: done in 2.80175 secs using 592.6% CPU
Optimizing NNI: done in 1.95895 secs using 592.7% CPU
Iteration 80 / LogL: -314655.309 / Time: 0h:5m:26s (0h:5m:30s left)
Optimizing NNI: done in 1.9356 secs using 592.5% CPU
Optimizing NNI: done in 2.10121 secs using 592.9% CPU
Optimizing NNI: done in 2.17464 secs using 593.2% CPU
Optimizing NNI: done in 2.55585 secs using 592% CPU
Optimizing NNI: done in 1.55147 secs using 593.6% CPU
Optimizing NNI: done in 2.4924 secs using 593.5% CPU
Optimizing NNI: done in 2.00963 secs using 592.9% CPU
Optimizing NNI: done in 2.95188 secs using 593.4% CPU
Optimizing NNI: done in 2.11176 secs using 592.8% CPU
Optimizing NNI: done in 1.98042 secs using 593.6% CPU
Iteration 90 / LogL: -316226.609 / Time: 0h:5m:48s (0h:4m:34s left)
Optimizing NNI: done in 2.93516 secs using 593.3% CPU
Optimizing NNI: done in 2.24599 secs using 593.2% CPU
Optimizing NNI: done in 2.65338 secs using 592.5% CPU
Optimizing NNI: done in 2.28536 secs using 593.3% CPU
Optimizing NNI: done in 2.14233 secs using 593.4% CPU
Optimizing NNI: done in 2.23738 secs using 592.6% CPU
Optimizing NNI: done in 2.56267 secs using 594.1% CPU
Optimizing NNI: done in 2.56915 secs using 593.1% CPU
Optimizing NNI: done in 2.82939 secs using 591.4% CPU
Optimizing NNI: done in 1.88392 secs using 594% CPU
Iteration 100 / LogL: -314653.084 / Time: 0h:6m:13s (0h:3m:46s left)
Log-likelihood cutoff on original alignment: -314744.618
NOTE: Bootstrap correlation coefficient of split occurrence frequencies: 0.989
NOTE: UFBoot does not converge, continue at least 100 more iterations
Optimizing NNI: done in 2.29526 secs using 593.5% CPU
Optimizing NNI: done in 2.50382 secs using 593.5% CPU
Optimizing NNI: done in 1.70042 secs using 592.5% CPU
Optimizing NNI: done in 2.27062 secs using 592.9% CPU
Optimizing NNI: done in 2.46866 secs using 593.2% CPU
Optimizing NNI: done in 2.12422 secs using 592.8% CPU
Optimizing NNI: done in 2.51465 secs using 593.3% CPU
Optimizing NNI: done in 2.7961 secs using 592.8% CPU
Optimizing NNI: done in 2.12355 secs using 594% CPU
Optimizing NNI: done in 2.5782 secs using 592% CPU
Iteration 110 / LogL: -314651.360 / Time: 0h:6m:37s (0h:5m:28s left)
Optimizing NNI: done in 2.676 secs using 592.5% CPU
Optimizing NNI: done in 2.44432 secs using 593.1% CPU
Optimizing NNI: done in 2.19946 secs using 593.8% CPU
Optimizing NNI: done in 2.49204 secs using 593.1% CPU
Optimizing NNI: done in 2.28679 secs using 592.2% CPU
Optimizing NNI: done in 2.39644 secs using 592.6% CPU
Optimizing NNI: done in 2.35237 secs using 592.4% CPU
Optimizing NNI: done in 2.28706 secs using 593.1% CPU
Optimizing NNI: done in 2.37855 secs using 592.8% CPU
Optimizing NNI: done in 2.46144 secs using 592.4% CPU
Iteration 120 / LogL: -315035.866 / Time: 0h:7m:1s (0h:4m:43s left)
Optimizing NNI: done in 2.24308 secs using 592.5% CPU
Optimizing NNI: done in 1.6666 secs using 593.8% CPU
Optimizing NNI: done in 1.95565 secs using 593.6% CPU
Optimizing NNI: done in 2.44336 secs using 592.4% CPU
Optimizing NNI: done in 2.04143 secs using 592.6% CPU
Optimizing NNI: done in 1.92256 secs using 593.9% CPU
Optimizing NNI: done in 2.30787 secs using 591.2% CPU
Optimizing NNI: done in 2.37954 secs using 594.2% CPU
Optimizing NNI: done in 2.71493 secs using 592.2% CPU
Optimizing NNI: done in 2.57224 secs using 593.3% CPU
Iteration 130 / LogL: -314803.560 / Time: 0h:7m:24s (0h:4m:1s left)
Optimizing NNI: done in 2.55983 secs using 592.4% CPU
Optimizing NNI: done in 2.62766 secs using 592% CPU
Optimizing NNI: done in 2.0788 secs using 593.2% CPU
Optimizing NNI: done in 2.55972 secs using 592.7% CPU
Optimizing NNI: done in 2.30389 secs using 592% CPU
Optimizing NNI: done in 2.06117 secs using 593.1% CPU
Optimizing NNI: done in 2.20314 secs using 593% CPU
Optimizing NNI: done in 2.03801 secs using 592.7% CPU
Optimizing NNI: done in 1.71294 secs using 593.2% CPU
Optimizing NNI: done in 2.63688 secs using 592.5% CPU
Iteration 140 / LogL: -314651.883 / Time: 0h:7m:47s (0h:3m:21s left)
Optimizing NNI: done in 2.64072 secs using 593% CPU
Optimizing NNI: done in 1.73212 secs using 593.2% CPU
Optimizing NNI: done in 2.24844 secs using 593.8% CPU
Optimizing NNI: done in 2.293 secs using 591.2% CPU
Optimizing NNI: done in 2.14053 secs using 592.8% CPU
Optimizing NNI: done in 2.34627 secs using 592.3% CPU
Optimizing NNI: done in 2.61175 secs using 593% CPU
Optimizing NNI: done in 1.91062 secs using 591.8% CPU
Optimizing NNI: done in 3.17185 secs using 592.3% CPU
Optimizing NNI: done in 2.09485 secs using 592.4% CPU
Iteration 150 / LogL: -314655.141 / Time: 0h:8m:11s (0h:2m:44s left)
Log-likelihood cutoff on original alignment: -314744.469
Optimizing NNI: done in 2.00393 secs using 592.4% CPU
Optimizing NNI: done in 1.9597 secs using 591.9% CPU
Optimizing NNI: done in 3.04026 secs using 593.3% CPU
Optimizing NNI: done in 3.47302 secs using 591.8% CPU
Optimizing NNI: done in 2.44753 secs using 591.8% CPU
Optimizing NNI: done in 2.45318 secs using 593% CPU
Optimizing NNI: done in 2.28095 secs using 592.4% CPU
Optimizing NNI: done in 2.64384 secs using 593.1% CPU
Optimizing NNI: done in 2.17766 secs using 592.1% CPU
Optimizing NNI: done in 2.08318 secs using 592.9% CPU
Iteration 160 / LogL: -315031.862 / Time: 0h:8m:36s (0h:2m:9s left)
Optimizing NNI: done in 1.9492 secs using 592.8% CPU
Optimizing NNI: done in 2.27443 secs using 592.1% CPU
Optimizing NNI: done in 2.35052 secs using 592.2% CPU
Optimizing NNI: done in 2.73796 secs using 592.6% CPU
Optimizing NNI: done in 2.66998 secs using 593.2% CPU
Optimizing NNI: done in 2.64846 secs using 592.2% CPU
Optimizing NNI: done in 2.79609 secs using 591.9% CPU
Optimizing NNI: done in 2.93996 secs using 592.2% CPU
Optimizing NNI: done in 2.36871 secs using 593.3% CPU
Optimizing NNI: done in 1.97851 secs using 592.7% CPU
Iteration 170 / LogL: -314659.426 / Time: 0h:9m:1s (0h:1m:36s left)
Optimizing NNI: done in 2.53605 secs using 592.4% CPU
Optimizing NNI: done in 2.89817 secs using 592.5% CPU
Optimizing NNI: done in 2.2381 secs using 593.3% CPU
Optimizing NNI: done in 3.06326 secs using 592.6% CPU
Optimizing NNI: done in 2.42129 secs using 591.7% CPU
Optimizing NNI: done in 1.9949 secs using 592.5% CPU
Optimizing NNI: done in 2.92678 secs using 591.8% CPU
Optimizing NNI: done in 2.29642 secs using 592% CPU
Optimizing NNI: done in 2.03436 secs using 592.3% CPU
Optimizing NNI: done in 2.1384 secs using 593.6% CPU
Iteration 180 / LogL: -316671.983 / Time: 0h:9m:26s (0h:1m:3s left)
Optimizing NNI: done in 2.08301 secs using 592.9% CPU
Optimizing NNI: done in 2.01999 secs using 591.5% CPU
Optimizing NNI: done in 2.17684 secs using 592.8% CPU
Optimizing NNI: done in 2.01991 secs using 592.8% CPU
Optimizing NNI: done in 2.45921 secs using 592.3% CPU
Optimizing NNI: done in 2.53861 secs using 591.8% CPU
Optimizing NNI: done in 2.35555 secs using 591.8% CPU
Optimizing NNI: done in 2.15193 secs using 593.6% CPU
Optimizing NNI: done in 2.13125 secs using 592.8% CPU
Optimizing NNI: done in 2.50785 secs using 593.3% CPU
Iteration 190 / LogL: -314653.169 / Time: 0h:9m:49s (0h:0m:31s left)
Optimizing NNI: done in 2.25079 secs using 592.6% CPU
Optimizing NNI: done in 2.73305 secs using 591.9% CPU
Optimizing NNI: done in 7.35644 secs using 593.3% CPU
Optimizing NNI: done in 2.22845 secs using 592.4% CPU
Optimizing NNI: done in 2.41623 secs using 593.6% CPU
Optimizing NNI: done in 2.75085 secs using 592.9% CPU
Optimizing NNI: done in 2.6677 secs using 592.1% CPU
Optimizing NNI: done in 2.58323 secs using 592.8% CPU
Optimizing NNI: done in 2.26834 secs using 592.4% CPU
Optimizing NNI: done in 2.59355 secs using 592% CPU
Iteration 200 / LogL: -314653.060 / Time: 0h:10m:19s (0h:0m:0s left)
Log-likelihood cutoff on original alignment: -314729.073
NOTE: Bootstrap correlation coefficient of split occurrence frequencies: 0.995
TREE SEARCH COMPLETED AFTER 200 ITERATIONS / Time: 0h:10m:19s

--------------------------------------------------------------------
|                    FINALIZING TREE SEARCH                        |
--------------------------------------------------------------------
Performs final model parameters optimization
Estimate model parameters (epsilon = 0.010)
Initial log-likelihood: -314651.132
Current log-likelihood at step 1: -314651.059
Current log-likelihood at step 2: -314651.002
Current log-likelihood at step 3: -314650.985
Current log-likelihood at step 4: -314650.971
Current log-likelihood at step 5: -314650.962
Parameters optimization took 4 rounds (1.286 sec)

Partition information was printed to combined_top50.partition.best_model.nex
BEST SCORE FOUND : -314650.962

Testing tree branches by SH-like aLRT with 1000 replicates...
Alternative NNI shows better log-likelihood -314650.960 > -314650.962
17.983 sec.
Creating bootstrap support values...
Split supports printed to NEXUS file combined_top50.partition.splits.nex
Total tree length: 4.462

Total number of iterations: 200
CPU time used for tree search: 3088.666 sec (0h:51m:28s)
Wall-clock time used for tree search: 539.710 sec (0h:8m:59s)
Total CPU time used: 3494.769 sec (0h:58m:14s)
Total wall-clock time used: 639.231 sec (0h:10m:39s)

Computing bootstrap consensus tree...
Reading input file combined_top50.partition.splits.nex...
94 taxa and 390 splits.
Consensus tree written to combined_top50.partition.contree
Reading input trees file combined_top50.partition.contree
Log-likelihood of consensus tree: -314653.158

Analysis results written to: 
  IQ-TREE report:                combined_top50.partition.iqtree
  Maximum-likelihood tree:       combined_top50.partition.treefile
  Likelihood distances:          combined_top50.partition.mldist

Ultrafast bootstrap approximation results written to:
  Split support values:          combined_top50.partition.splits.nex
  Consensus tree:                combined_top50.partition.contree
  Screen log file:               combined_top50.partition.log

Date and Time: Wed Jan 31 20:21:51 2024
