IQ-TREE multicore version 2.2.2.7 COVID-edition for Linux 64-bit built May 31 2023
Developed by Bui Quang Minh, James Barbetti, Nguyen Lam Tung,
Olga Chernomor, Heiko Schmidt, Dominik Schrempf, Michael Woodhams, Ly Trong Nhan.

Host:    c151606.ll.unc.edu (AVX512, FMA3, 1510 GB RAM)
Command: iqtree2 -q combined_top50.partition -alrt 1000 -bb 1000 -s phyling_align_top50/Top50_multi.mfa -nt AUTO
Seed:    846624 (Using SPRNG - Scalable Parallel Random Number Generator)
Time:    Wed Jan 31 16:53:39 2024
Kernel:  AVX+FMA - auto-detect threads (16 CPU cores detected)

Reading partition model file combined_top50.partition ...
Reading alignment file phyling_align_top50/Top50_multi.mfa ... Fasta format detected
Reading fasta file: done in 0.024467 secs using 43.56% CPU
Alignment most likely contains protein sequences
Constructing alignment: done in 0.0146921 secs using 66.66% CPU
Alignment has 96 sequences with 18896 columns, 7841 distinct patterns
5412 parsimony-informative, 1215 singleton sites, 12269 constant sites
                                                           Gap/Ambiguity  Composition  p-value
Analyzing sequences: done in 0.00160408 secs using 99.37% CPU
   1  Aspergillus_fumigatus_Af293                                  6.59%    passed     55.37%
   2  Histoplasma_capsulatum_07_12-RJ                             42.74%    passed     49.26%
   3  Histoplasma_capsulatum_104_p_06                              6.27%    passed    100.00%
   4  Histoplasma_capsulatum_117_p_12                              2.91%    passed    100.00%
   5  Histoplasma_capsulatum_122_p_10_B                            1.99%    passed    100.00%
   6  Histoplasma_capsulatum_136_P_07                              0.39%    passed    100.00%
   7  Histoplasma_capsulatum_144_p_08                              3.79%    passed    100.00%
   8  Histoplasma_capsulatum_1517_p_17                             0.39%    passed    100.00%
   9  Histoplasma_capsulatum_19VMG-15                             45.72%    passed     27.90%
  10  Histoplasma_capsulatum_256_P_18                              2.07%    passed    100.00%
  11  Histoplasma_capsulatum_316_p_10                              4.17%    passed     99.99%
  12  Histoplasma_capsulatum_327_P_12                              1.85%    passed    100.00%
  13  Histoplasma_capsulatum_343_p_18                              0.39%    passed    100.00%
  14  Histoplasma_capsulatum_388_p_11                              0.39%    passed    100.00%
  15  Histoplasma_capsulatum_CB053-2                               8.31%    passed    100.00%
  16  Histoplasma_capsulatum_CB055-2                              13.12%    passed    100.00%
  17  Histoplasma_capsulatum_CB062-2                               2.72%    passed    100.00%
  18  Histoplasma_capsulatum_CB063-2                               4.85%    passed    100.00%
  19  Histoplasma_capsulatum_CB064-2                               3.42%    passed    100.00%
  20  Histoplasma_capsulatum_CB065-2                               9.64%    passed     98.59%
  21  Histoplasma_capsulatum_CB066-2                               4.44%    passed    100.00%
  22  Histoplasma_capsulatum_CB168-2                              10.43%    passed     99.65%
  23  Histoplasma_capsulatum_CB174-2                               5.31%    passed    100.00%
  24  Histoplasma_capsulatum_CB180-2                               4.21%    passed    100.00%
  25  Histoplasma_capsulatum_CB186-2                               7.72%    passed     99.99%
  26  Histoplasma_capsulatum_CB192-2                               3.02%    passed    100.00%
  27  Histoplasma_capsulatum_Dr_Anuradha_Fungal_WGS_S11            0.39%    passed    100.00%
  28  Histoplasma_capsulatum_Dr_Anuradha_Fungal_WGS_S14            1.85%    passed    100.00%
  29  Histoplasma_capsulatum_Dr_Anuradha_Fungal_WGS_S16            0.48%    passed    100.00%
  30  Histoplasma_capsulatum_ES2_83Z                              20.17%    passed     99.39%
  31  Histoplasma_capsulatum_ES2_85Z                              39.01%    passed     79.63%
  32  Histoplasma_capsulatum_ES2_86Z                              17.07%    passed     97.13%
  33  Histoplasma_capsulatum_ES2_88Z                              50.68%    passed     17.33%
  34  Histoplasma_capsulatum_ES2_89Z                               9.45%    passed     99.99%
  35  Histoplasma_capsulatum_HCH143                               13.31%    passed     99.78%
  36  Histoplasma_capsulatum_HISSP-1014-Belem3                    10.04%    passed     99.98%
  37  Histoplasma_capsulatum_HISSP-11571-Belem1                   37.92%    passed     98.51%
  38  Histoplasma_capsulatum_HISSP-B05821                         34.41%    passed     96.69%
  39  Histoplasma_capsulatum_HISSP-CM6015                         34.45%    passed     95.18%
  40  Histoplasma_capsulatum_HISSP-CM6408                         28.01%    passed     98.62%
  41  Histoplasma_capsulatum_HISSP-CM7256-xx-CL-SEN-xxxx-036-BB   21.49%    passed     92.00%
  42  Histoplasma_capsulatum_HISSP-FGAMA2041                      45.95%    passed     94.52%
  43  Histoplasma_capsulatum_HISSP-FGBIK2051                      30.45%    passed     79.90%
  44  Histoplasma_capsulatum_HISSP-FGBON2001                      11.89%    passed     99.94%
  45  Histoplasma_capsulatum_HISSP-FGFAN2059                      40.97%    passed     51.62%
  46  Histoplasma_capsulatum_HISSP-FGFAR0189                      47.42%    passed      6.57%
  47  Histoplasma_capsulatum_HISSP-FGFER2036                      42.28%    passed     90.50%
  48  Histoplasma_capsulatum_HISSP-FGFIN2028                      45.98%    passed     28.88%
  49  Histoplasma_capsulatum_HISSP-FGJOS2044                      38.38%    passed     97.07%
  50  Histoplasma_capsulatum_HISSP-FGLIN2055                      52.21%    failed      0.41%
  51  Histoplasma_capsulatum_HISSP-FGMAR2044                      38.52%    passed     95.88%
  52  Histoplasma_capsulatum_HISSP-FGPIA2052                      27.75%    passed     98.26%
  53  Histoplasma_capsulatum_HISSP-FGPIE2055                      16.39%    passed     99.66%
  54  Histoplasma_capsulatum_HISSP-FGPSO2043                      55.70%    failed      0.01%
  55  Histoplasma_capsulatum_HISSP-FGTRO0285                      50.76%    failed      0.56%
  56  Histoplasma_capsulatum_Histo-485P20                          1.85%    passed    100.00%
  57  Histoplasma_capsulatum_JB_01752-Hc_01752                    22.35%    passed     99.76%
  58  Histoplasma_capsulatum_JB_021091-Hc_021091                  23.86%    failed      1.94%
  59  Histoplasma_capsulatum_JB_031837-Hc_031837                  33.61%    passed     93.89%
  60  Histoplasma_capsulatum_JB_042430-Hc_042430                   3.37%    passed    100.00%
  61  Histoplasma_capsulatum_JB_062632-Hc_062632                  56.06%    failed      0.06%
  62  Histoplasma_capsulatum_JB_062775-Hc_062775                   7.58%    passed     99.91%
  63  Histoplasma_capsulatum_JB_073129-Hc_073129                  36.56%    passed      7.87%
  64  Histoplasma_capsulatum_JB_083285_2-Hc_083285_2              16.86%    passed     99.96%
  65  Histoplasma_capsulatum_NACVFR_Histo_HC1070058_2             29.43%    passed     79.34%
  66  Histoplasma_capsulatum_SA15                                 27.86%    passed     96.54%
  67  Histoplasma_capsulatum_SECH_100-Nam2_G186A                  47.33%    passed     63.14%
  68  Histoplasma_capsulatum_SECH_101-Nam2_G184A                  22.10%    passed     99.87%
  69  Histoplasma_capsulatum_SECH_107-mis_Hc_duboisii-B           58.52%    passed      7.48%
  70  Histoplasma_capsulatum_SECH_109                             17.35%    passed     99.87%
  71  Histoplasma_capsulatum_SECH_110                             30.12%    passed     91.33%
  72  Histoplasma_mississippiense_II_SECH_81-Nam1_WU24             5.64%    passed    100.00%
  73  Histoplasma_mississippiense_II_SECH_83-Nam1_CI_7             4.61%    passed    100.00%
  74  Histoplasma_mississippiense_II_SECH_84-Nam1_CI_19            3.00%    passed    100.00%
  75  Histoplasma_mississippiense_II_SECH_85-Nam1_CI_22           27.64%    passed     94.67%
  76  Histoplasma_mississippiense_II_SECH_86-Nam1_CI_24           20.75%    passed     98.51%
  77  Histoplasma_mississippiense_II_SECH_87-Nam1_CI_42           10.71%    passed    100.00%
  78  Histoplasma_mississippiense_II_SECH_88-Nam1_CI_43           15.43%    passed     99.82%
  79  Histoplasma_mississippiense_II_SECH_90-Nam1_DOWNS           14.75%    passed     94.96%
  80  Histoplasma_mississippiense_I_SECH_89-Nam1_UCLA-531         17.88%    passed     91.70%
  81  Histoplasma_ohiense_SECH_82-Nam1_CI_4                        7.03%    passed    100.00%
  82  Histoplasma_ohiense_SECH_91-Nam2_G217B                      11.18%    passed     99.86%
  83  Histoplasma_ohiense_SECH_92-Nam2_G222B                      15.71%    passed     96.25%
  84  Histoplasma_ohiense_SECH_93.Nam2_CI_6                       31.72%    passed     91.40%
  85  Histoplasma_ohiense_SECH_94-Nam2_CI_9                       32.72%    passed     81.20%
  86  Histoplasma_ohiense_SECH_95.Nam2_CI_10                      28.51%    passed     98.81%
  87  Histoplasma_ohiense_SECH_96.Nam2_CI_17                      22.94%    passed     96.90%
  88  Histoplasma_ohiense_SECH_97-Nam2_CI_18                      13.52%    passed     99.98%
  89  Histoplasma_ohiense_SECH_98.Nam2_CI_30                      24.38%    passed     96.45%
  90  Histoplasma_ohiense_SECH_99-Nam2_CI_35                       7.74%    passed     99.99%
  91  Histoplasma_suramericanum_SECH_103-Nam2_3_11G               25.78%    passed     54.45%
  92  Histoplasma_suramericanum_SECH_104-Nam2_27_14               32.76%    passed     77.98%
  93  Histoplasma_suramericanum_SECH_105-Nam2_21_14               21.39%    passed     94.64%
  94  Histoplasma_capsulatum_ES2_90Z                              25.11%    passed     98.22%
  95  Histoplasma_capsulatum_HISSP-FGPERS2034                     24.15%    passed     94.29%
  96  Histoplasma_mississippiense_II_SECH_102Nam2_505             41.09%    passed     57.97%
WARNING: 6 sequences contain more than 50% gaps/ambiguity
****  TOTAL                                                       20.64%  5 sequences failed composition chi2 test (p-value<5%; df=19)

Partition file is not in NEXUS format, assuming RAxML-style partition file...
Identifying sites to remove: done in 0.00010705 secs using 78.47% CPU
Identifying sites to remove: done in 0.000121117 secs using 99.9% CPU
Identifying sites to remove: done in 9.91821e-05 secs using 99.82% CPU
Identifying sites to remove: done in 7.82013e-05 secs using 86.96% CPU
Identifying sites to remove: done in 6.79493e-05 secs using 100.1% CPU
Identifying sites to remove: done in 9.08375e-05 secs using 99.08% CPU
Identifying sites to remove: done in 0.000360012 secs using 100% CPU
Identifying sites to remove: done in 5.79357e-05 secs using 77.67% CPU
Identifying sites to remove: done in 7.29561e-05 secs using 100.1% CPU
Identifying sites to remove: done in 5.88894e-05 secs using 100.2% CPU
Identifying sites to remove: done in 0.000115871 secs using 100.1% CPU
Identifying sites to remove: done in 6.19888e-05 secs using 79.05% CPU
Identifying sites to remove: done in 5.10216e-05 secs using 98% CPU
Identifying sites to remove: done in 7.29561e-05 secs using 100.1% CPU
Identifying sites to remove: done in 4.1008e-05 secs using 99.98% CPU
Identifying sites to remove: done in 0.000384092 secs using 99.98% CPU
Identifying sites to remove: done in 0.000245094 secs using 91.39% CPU
Identifying sites to remove: done in 0.000349998 secs using 99.14% CPU
Identifying sites to remove: done in 0.000306129 secs using 98.32% CPU
Identifying sites to remove: done in 0.00028801 secs using 97.22% CPU
Identifying sites to remove: done in 0.000342131 secs using 94.7% CPU
Identifying sites to remove: done in 0.000246048 secs using 95.1% CPU
Identifying sites to remove: done in 0.000253916 secs using 99.64% CPU
Identifying sites to remove: done in 0.00029707 secs using 99.98% CPU
Identifying sites to remove: done in 0.0002141 secs using 99.95% CPU
Identifying sites to remove: done in 0.000248909 secs
Identifying sites to remove: done in 0.000207186 secs
Identifying sites to remove: done in 0.000258923 secs using 89.6% CPU
Identifying sites to remove: done in 0.000277996 secs using 98.92% CPU
Identifying sites to remove: done in 0.000153065 secs using 99.96% CPU
Identifying sites to remove: done in 0.000257015 secs using 100.4% CPU
Identifying sites to remove: done in 0.000160933 secs using 100% CPU
Identifying sites to remove: done in 0.000588894 secs using 50.43% CPU
Identifying sites to remove: done in 0.000164032 secs using 21.34% CPU
Identifying sites to remove: done in 0.000154972 secs using 100% CPU
Identifying sites to remove: done in 0.000222921 secs using 96% CPU
Identifying sites to remove: done in 0.00022006 secs using 99.52% CPU
Identifying sites to remove: done in 0.000200033 secs using 98.48% CPU
Identifying sites to remove: done in 0.000139952 secs using 100% CPU
Identifying sites to remove: done in 0.000151873 secs using 92.84% CPU
Identifying sites to remove: done in 0.000155926 secs using 100% CPU
Identifying sites to remove: done in 0.000249863 secs using 94.85% CPU
Identifying sites to remove: done in 0.000127077 secs using 99.15% CPU
Identifying sites to remove: done in 0.000114918 secs using 96.59% CPU
Identifying sites to remove: done in 0.000118971 secs using 100.9% CPU
Identifying sites to remove: done in 0.000134945 secs using 100% CPU
Identifying sites to remove: done in 0.000128031 secs using 92.95% CPU
Identifying sites to remove: done in 0.00011301 secs using 100.9% CPU
Identifying sites to remove: done in 7.60555e-05 secs using 98.61% CPU
Identifying sites to remove: done in 0.000180006 secs using 98.89% CPU
Subset	Type	Seqs	Sites	Infor	Invar	Model	Name
1	AA	93	190	52	130	HIVB+I+G4+F	100489at147545.aa
2	AA	81	254	63	163	HIVB+I+G4+F	101424at147545.aa
3	AA	77	202	50	141	HIVB+I+G4+F	101803at147545.aa
4	AA	83	168	32	134	HIVB+I+G4+F	102942at147545.aa
5	AA	60	169	63	106	HIVB+I+G4+F	103491at147545.aa
6	AA	73	186	38	139	HIVB+I+G4+F	103613at147545.aa
7	AA	60	949	321	466	HIVB+I+G4+F	10553at147545.aa
8	AA	74	130	15	109	HIVB+I+G4+F	111668at147545.aa
9	AA	82	136	36	90	HIVB+I+G4+F	112316at147545.aa
10	AA	78	136	4	132	HIVB+I+G4+F	112526at147545.aa
11	AA	77	194	164	30	HIVB+I+G4+F	113970at147545.aa
12	AA	79	115	29	83	HIVB+I+G4+F	115802at147545.aa
13	AA	80	98	15	69	HIVB+I+G4+F	117777at147545.aa
14	AA	76	146	42	98	HIVB+I+G4+F	118119at147545.aa
15	AA	68	84	24	57	HIVB+I+G4+F	119262at147545.aa
16	AA	83	802	240	533	HIVB+I+G4+F	14123at147545.aa
17	AA	79	562	129	417	HIVB+I+G4+F	29398at147545.aa
18	AA	90	585	383	196	HIVB+I+G4+F	30334at147545.aa
19	AA	88	619	218	396	HIVB+I+G4+F	30420at147545.aa
20	AA	87	563	200	335	HIVB+I+G4+F	31211at147545.aa
21	AA	66	683	277	376	HIVB+I+G4+F	33099at147545.aa
22	AA	68	559	212	310	HIVB+I+G4+F	37149at147545.aa
23	AA	78	502	147	307	HIVB+I+G4+F	41498at147545.aa
24	AA	80	476	287	177	HIVB+I+G4+F	45324at147545.aa
25	AA	82	462	138	282	HIVB+I+G4+F	45769at147545.aa
26	AA	85	448	165	275	HIVB+I+G4+F	46768at147545.aa
27	AA	82	436	60	366	HIVB+I+G4+F	47488at147545.aa
28	AA	80	497	150	322	HIVB+I+G4+F	48331at147545.aa
29	AA	78	526	169	322	HIVB+I+G4+F	49761at147545.aa
30	AA	72	439	15	398	HIVB+I+G4+F	50141at147545.aa
31	AA	70	491	168	301	HIVB+I+G4+F	52223at147545.aa
32	AA	57	414	97	290	HIVB+I+G4+F	55734at147545.aa
33	AA	87	1180	135	801	HIVB+I+G4+F	5796at147545.aa
34	AA	82	365	89	251	HIVB+I+G4+F	60098at147545.aa
35	AA	82	389	28	359	HIVB+I+G4+F	60920at147545.aa
36	AA	85	403	129	266	HIVB+I+G4+F	61270at147545.aa
37	AA	79	409	117	263	HIVB+I+G4+F	66556at147545.aa
38	AA	81	363	86	268	HIVB+I+G4+F	69241at147545.aa
39	AA	72	341	49	280	HIVB+I+G4+F	70481at147545.aa
40	AA	64	355	78	243	HIVB+I+G4+F	70760at147545.aa
41	AA	80	288	94	191	HIVB+I+G4+F	74241at147545.aa
42	AA	83	445	152	272	HIVB+I+G4+F	74882at147545.aa
43	AA	53	302	83	197	HIVB+I+G4+F	76922at147545.aa
44	AA	67	279	40	218	HIVB+I+G4+F	78806at147545.aa
45	AA	66	262	28	203	HIVB+I+G4+F	84672at147545.aa
46	AA	72	284	69	213	HIVB+I+G4+F	85577at147545.aa
47	AA	83	268	48	217	HIVB+I+G4+F	91275at147545.aa
48	AA	65	224	31	147	HIVB+I+G4+F	95473at147545.aa
49	AA	61	214	39	173	HIVB+I+G4+F	97109at147545.aa
50	AA	74	304	114	157	HIVB+I+G4+F	99572at147545.aa
Degree of missing data: 0.200
Info: multi-threading strategy over partitions

NOTE: Histoplasma_capsulatum_Dr_Anuradha_Fungal_WGS_S11 is identical to Histoplasma_capsulatum_136_P_07 but kept for subsequent analysis
NOTE: Histoplasma_capsulatum_388_p_11 is identical to Histoplasma_capsulatum_1517_p_17 but kept for subsequent analysis
NOTE: Histoplasma_capsulatum_Histo-485P20 is identical to Histoplasma_capsulatum_Dr_Anuradha_Fungal_WGS_S14 but kept for subsequent analysis
WARNING: States(s) C rarely appear in partition 101803at147545.aa and may cause numerical problems
WARNING: States(s) W rarely appear in partition 112316at147545.aa and may cause numerical problems
NOTE: State(s) W not present in partition 112526at147545.aa and thus removed from Markov process to prevent numerical problems
WARNING: States(s) F rarely appear in partition 117777at147545.aa and may cause numerical problems
WARNING: States(s) H rarely appear in partition 118119at147545.aa and may cause numerical problems
NOTE: State(s) C not present in partition 119262at147545.aa and thus removed from Markov process to prevent numerical problems
WARNING: States(s) W rarely appear in partition 60920at147545.aa and may cause numerical problems
NOTE: 2 states (see above) are not present and thus removed from Markov process to prevent numerical problems

Create initial parsimony tree by phylogenetic likelihood library (PLL)... 0.115 seconds
Generating 1000 samples for ultrafast bootstrap (seed: 846624)...

NOTE: 458 MB RAM (0 GB) is required!
Measuring multi-threading efficiency up to 16 CPU cores
Increase to 10 rounds for branch lengths
3 trees examined
Threads: 1 / Time: 23.051 sec / Speedup: 1.000 / Efficiency: 100% / LogL: -246416
Threads: 2 / Time: 12.133 sec / Speedup: 1.900 / Efficiency: 95% / LogL: -246416
Threads: 3 / Time: 8.544 sec / Speedup: 2.698 / Efficiency: 90% / LogL: -246416
Threads: 4 / Time: 6.769 sec / Speedup: 3.405 / Efficiency: 85% / LogL: -246416
Threads: 5 / Time: 5.710 sec / Speedup: 4.037 / Efficiency: 81% / LogL: -246416
Threads: 6 / Time: 5.018 sec / Speedup: 4.593 / Efficiency: 77% / LogL: -246416
Threads: 7 / Time: 4.519 sec / Speedup: 5.101 / Efficiency: 73% / LogL: -246416
Threads: 8 / Time: 4.191 sec / Speedup: 5.501 / Efficiency: 69% / LogL: -246416
Threads: 9 / Time: 4.376 sec / Speedup: 5.267 / Efficiency: 59% / LogL: -246416
Threads: 10 / Time: 4.379 sec / Speedup: 5.264 / Efficiency: 53% / LogL: -246416
Threads: 11 / Time: 4.366 sec / Speedup: 5.279 / Efficiency: 48% / LogL: -246416
Determining AUTO threadcount: done in 83.0786 secs using 422.7% CPU
BEST NUMBER OF THREADS: 8

Estimate model parameters (epsilon = 0.100)
Initial log-likelihood: -136701.268
Current log-likelihood at step 1: -132844.410
Current log-likelihood at step 2: -132508.577
Current log-likelihood at step 3: -132462.938
Current log-likelihood at step 4: -132445.455
Current log-likelihood at step 5: -132434.918
Current log-likelihood at step 6: -132426.238
Current log-likelihood at step 7: -132408.012
Current log-likelihood at step 8: -132387.870
Current log-likelihood at step 9: -132385.849
Current log-likelihood at step 10: -132384.658
Current log-likelihood at step 11: -132383.586
Current log-likelihood at step 12: -132382.376
Current log-likelihood at step 13: -132380.811
Current log-likelihood at step 14: -132378.704
Current log-likelihood at step 15: -132376.329
Current log-likelihood at step 16: -132374.755
Current log-likelihood at step 17: -132374.141
Current log-likelihood at step 18: -132373.931
Current log-likelihood at step 19: -132373.867
Parameters optimization took 18 rounds (17.058 sec)

Wrote distance file to... 
Computing ML distances based on estimated model parameters...
Calculating distance matrix: done in 0.000206947 secs using 871.2% CPU
Computing ML distances took 0.000249 sec (of wall-clock time) 0.001975 sec (of CPU time)
WARNING: Some pairwise ML distances are too long (saturated)
Setting up auxiliary I and S matrices: done in 6.00815e-05 secs using 908.8% CPU
Constructing RapidNJ tree: done in 0.0014441 secs using 468.4% CPU
Computing RapidNJ tree took 0.001523 sec (of wall-clock time) 0.007415 sec (of CPU time)
Log-likelihood of RapidNJ tree: -198546.572
--------------------------------------------------------------------
|             INITIALIZING CANDIDATE TREE SET                      |
--------------------------------------------------------------------
Generating 98 parsimony trees... 17.011 second
Computing log-likelihood of 98 initial trees ... 16.548 seconds
Current best score: -132373.867

Do NNI search on 20 best initial trees
Optimizing NNI: done in 4.46443 secs using 793% CPU
Estimate model parameters (epsilon = 0.100)
Initial log-likelihood: -132288.584
Current log-likelihood at step 1: -132287.846
Current log-likelihood at step 2: -132287.527
Current log-likelihood at step 3: -132287.348
Current log-likelihood at step 4: -132287.238
Current log-likelihood at step 5: -132287.165
Parameters optimization took 4 rounds (2.878 sec)

BETTER TREE FOUND at iteration 1: -132287.165
Optimizing NNI: done in 4.00632 secs using 793.6% CPU
Estimate model parameters (epsilon = 0.100)
Initial log-likelihood: -132244.756
Current log-likelihood at step 1: -132243.473
Current log-likelihood at step 2: -132243.328
Current log-likelihood at step 3: -132243.236
Parameters optimization took 2 rounds (1.845 sec)

BETTER TREE FOUND at iteration 2: -132243.236
Optimizing NNI: done in 4.13334 secs using 792.7% CPU
Optimizing NNI: done in 5.09836 secs using 791.9% CPU
Optimizing NNI: done in 4.58406 secs using 791.1% CPU
Optimizing NNI: done in 4.18565 secs using 792.1% CPU
Optimizing NNI: done in 3.32883 secs using 792.7% CPU
Optimizing NNI: done in 4.73385 secs using 793.6% CPU
Optimizing NNI: done in 4.92134 secs using 793.1% CPU
Optimizing NNI: done in 4.62621 secs using 793.4% CPU
Iteration 10 / LogL: -132290.086 / Time: 0h:3m:14s
Optimizing NNI: done in 5.23936 secs using 793.3% CPU
Optimizing NNI: done in 4.9805 secs using 793.3% CPU
Optimizing NNI: done in 5.27052 secs using 793.3% CPU
Optimizing NNI: done in 7.22829 secs using 793.3% CPU
Optimizing NNI: done in 6.98637 secs using 792.8% CPU
Optimizing NNI: done in 5.3747 secs using 792.7% CPU
Optimizing NNI: done in 5.89591 secs using 792.7% CPU
Optimizing NNI: done in 7.16191 secs using 792.5% CPU
Optimizing NNI: done in 6.80379 secs using 792.7% CPU
Optimizing NNI: done in 6.66234 secs using 793% CPU
Iteration 20 / LogL: -132302.347 / Time: 0h:4m:16s
Finish initializing candidate tree set (20)
Current best tree score: -132243.236 / CPU time: 144.653
Number of iterations: 20
--------------------------------------------------------------------
|               OPTIMIZING CANDIDATE TREE SET                      |
--------------------------------------------------------------------
Optimizing NNI: done in 7.45256 secs using 794.4% CPU
Optimizing NNI: done in 4.05317 secs using 792.5% CPU
Optimizing NNI: done in 8.83248 secs using 794.2% CPU
Optimizing NNI: done in 6.21889 secs using 793.8% CPU
Optimizing NNI: done in 4.88461 secs using 794% CPU
Optimizing NNI: done in 5.43001 secs using 794.7% CPU
Optimizing NNI: done in 6.7803 secs using 793.1% CPU
Optimizing NNI: done in 3.90543 secs using 793% CPU
Optimizing NNI: done in 6.55974 secs using 793% CPU
Optimizing NNI: done in 4.81873 secs using 793.3% CPU
Iteration 30 / LogL: -132285.953 / Time: 0h:5m:16s (0h:13m:4s left)
Optimizing NNI: done in 4.86709 secs using 792.6% CPU
Optimizing NNI: done in 4.32085 secs using 793.5% CPU
Optimizing NNI: done in 4.60881 secs using 794% CPU
Optimizing NNI: done in 5.69442 secs using 792.7% CPU
Optimizing NNI: done in 4.95716 secs using 793.2% CPU
Optimizing NNI: done in 6.17102 secs using 793.9% CPU
Optimizing NNI: done in 4.62502 secs using 794% CPU
Optimizing NNI: done in 6.69951 secs using 793.8% CPU
Optimizing NNI: done in 8.36396 secs using 794.2% CPU
Estimate model parameters (epsilon = 0.100)
Initial log-likelihood: -132212.746
Current log-likelihood at step 1: -132212.563
Current log-likelihood at step 2: -132212.520
Parameters optimization took 1 rounds (1.141 sec)

BETTER TREE FOUND at iteration 39: -132212.520
Optimizing NNI: done in 3.55501 secs using 794% CPU
Iteration 40 / LogL: -132248.142 / Time: 0h:6m:11s (0h:15m:42s left)
Optimizing NNI: done in 9.59064 secs using 792.9% CPU
Optimizing NNI: done in 3.70023 secs using 793.5% CPU
Optimizing NNI: done in 4.51357 secs using 793.5% CPU
Optimizing NNI: done in 5.15808 secs using 793.7% CPU
Optimizing NNI: done in 5.18129 secs using 789.7% CPU
Optimizing NNI: done in 6.03225 secs using 794.3% CPU
Optimizing NNI: done in 8.63439 secs using 792.8% CPU
Optimizing NNI: done in 3.91834 secs using 794.3% CPU
Optimizing NNI: done in 4.87136 secs using 795.1% CPU
Optimizing NNI: done in 6.02526 secs using 794.5% CPU
Iteration 50 / LogL: -132236.313 / Time: 0h:7m:9s (0h:13m:0s left)
Log-likelihood cutoff on original alignment: -132338.327
Optimizing NNI: done in 8.19288 secs using 792.3% CPU
Estimate model parameters (epsilon = 0.100)
Initial log-likelihood: -132197.491
Current log-likelihood at step 1: -132197.188
Current log-likelihood at step 2: -132197.134
Parameters optimization took 1 rounds (1.143 sec)

BETTER TREE FOUND at iteration 51: -132197.134
Optimizing NNI: done in 9.57854 secs using 792.5% CPU
Optimizing NNI: done in 3.26482 secs using 792.9% CPU
Optimizing NNI: done in 6.11474 secs using 793.6% CPU
Optimizing NNI: done in 4.47482 secs using 792% CPU
Optimizing NNI: done in 4.41968 secs using 793% CPU
Optimizing NNI: done in 3.85009 secs using 793.4% CPU
Estimate model parameters (epsilon = 0.100)
Initial log-likelihood: -132196.509
Current log-likelihood at step 1: -132196.497
Parameters optimization took 0 rounds (0.541 sec)

BETTER TREE FOUND at iteration 57: -132196.497
Optimizing NNI: done in 4.85569 secs using 793.4% CPU
Optimizing NNI: done in 4.61645 secs using 793.9% CPU
Optimizing NNI: done in 7.56668 secs using 792.9% CPU
Iteration 60 / LogL: -132249.196 / Time: 0h:8m:8s (0h:13m:23s left)
Optimizing NNI: done in 3.80421 secs using 794% CPU
Optimizing NNI: done in 4.85562 secs using 794.4% CPU
Optimizing NNI: done in 10.3173 secs using 793.3% CPU
Optimizing NNI: done in 6.41288 secs using 794.2% CPU
Optimizing NNI: done in 4.57605 secs using 793.5% CPU
Optimizing NNI: done in 4.39557 secs using 793% CPU
Estimate model parameters (epsilon = 0.100)
Initial log-likelihood: -132193.332
Current log-likelihood at step 1: -132193.309
Parameters optimization took 0 rounds (0.552 sec)

BETTER TREE FOUND at iteration 66: -132193.309
Optimizing NNI: done in 10.2232 secs using 794% CPU
Optimizing NNI: done in 7.50719 secs using 794.5% CPU
Optimizing NNI: done in 4.16781 secs using 794.6% CPU
Optimizing NNI: done in 6.70086 secs using 794% CPU
Estimate model parameters (epsilon = 0.100)
Initial log-likelihood: -132193.274
Current log-likelihood at step 1: -132193.267
Parameters optimization took 0 rounds (0.524 sec)

BETTER TREE FOUND at iteration 70: -132193.267
Iteration 70 / LogL: -132193.267 / Time: 0h:9m:13s (0h:13m:21s left)
Optimizing NNI: done in 4.96818 secs using 794% CPU
Optimizing NNI: done in 6.04774 secs using 794.4% CPU
Estimate model parameters (epsilon = 0.100)
Initial log-likelihood: -132192.822
Current log-likelihood at step 1: -132192.809
Parameters optimization took 0 rounds (0.521 sec)

BETTER TREE FOUND at iteration 72: -132192.809
Optimizing NNI: done in 4.35532 secs using 793.8% CPU
Optimizing NNI: done in 5.49254 secs using 793.7% CPU
Optimizing NNI: done in 5.44346 secs using 793.3% CPU
Optimizing NNI: done in 3.84409 secs using 794.3% CPU
Optimizing NNI: done in 4.66379 secs using 791.1% CPU
Optimizing NNI: done in 7.94073 secs using 792.8% CPU
Optimizing NNI: done in 10.6592 secs using 793.7% CPU
Optimizing NNI: done in 6.56053 secs using 794.5% CPU
Iteration 80 / LogL: -132301.657 / Time: 0h:10m:14s (0h:11m:55s left)
Optimizing NNI: done in 6.01312 secs using 794.1% CPU
Optimizing NNI: done in 5.18453 secs using 794.6% CPU
Optimizing NNI: done in 3.93692 secs using 793.6% CPU
Optimizing NNI: done in 5.18376 secs using 792.3% CPU
Optimizing NNI: done in 4.49514 secs using 793.7% CPU
Optimizing NNI: done in 4.58784 secs using 794.6% CPU
Optimizing NNI: done in 4.81262 secs using 794.1% CPU
Optimizing NNI: done in 3.74571 secs using 794.6% CPU
Optimizing NNI: done in 4.58816 secs using 793.9% CPU
Optimizing NNI: done in 7.22626 secs using 794.1% CPU
Iteration 90 / LogL: -132220.397 / Time: 0h:11m:4s (0h:10m:12s left)
Optimizing NNI: done in 4.87789 secs using 794.4% CPU
Optimizing NNI: done in 5.22647 secs using 794.6% CPU
Optimizing NNI: done in 8.78439 secs using 794.1% CPU
Optimizing NNI: done in 7.65778 secs using 794% CPU
Estimate model parameters (epsilon = 0.100)
Initial log-likelihood: -132192.650
Current log-likelihood at step 1: -132192.639
Parameters optimization took 0 rounds (0.515 sec)

BETTER TREE FOUND at iteration 94: -132192.639
Optimizing NNI: done in 4.40765 secs using 794.9% CPU
Optimizing NNI: done in 5.76685 secs using 794% CPU
Optimizing NNI: done in 6.18677 secs using 793.7% CPU
Optimizing NNI: done in 5.42439 secs using 794% CPU
Optimizing NNI: done in 5.23635 secs using 794.2% CPU
Optimizing NNI: done in 5.97223 secs using 794.3% CPU
Iteration 100 / LogL: -132307.343 / Time: 0h:12m:5s (0h:11m:28s left)
Log-likelihood cutoff on original alignment: -132330.352
NOTE: Bootstrap correlation coefficient of split occurrence frequencies: 0.897
NOTE: UFBoot does not converge, continue at least 100 more iterations
Optimizing NNI: done in 5.91218 secs using 794.4% CPU
Optimizing NNI: done in 5.34799 secs using 794.3% CPU
Optimizing NNI: done in 4.70155 secs using 794.2% CPU
Optimizing NNI: done in 9.95399 secs using 794.3% CPU
Optimizing NNI: done in 5.16 secs using 794.2% CPU
Optimizing NNI: done in 5.27841 secs using 794.7% CPU
Optimizing NNI: done in 6.57826 secs using 794.3% CPU
Optimizing NNI: done in 5.59175 secs using 794.4% CPU
Optimizing NNI: done in 7.7453 secs using 794.2% CPU
Optimizing NNI: done in 10.0672 secs using 794.4% CPU
Iteration 110 / LogL: -132192.692 / Time: 0h:13m:12s (0h:10m:54s left)
Optimizing NNI: done in 3.98897 secs using 794.3% CPU
Optimizing NNI: done in 5.41922 secs using 794.6% CPU
Optimizing NNI: done in 3.66777 secs using 794.1% CPU
Optimizing NNI: done in 6.27784 secs using 793.7% CPU
Optimizing NNI: done in 9.19385 secs using 793.2% CPU
Optimizing NNI: done in 6.77522 secs using 792.8% CPU
Optimizing NNI: done in 3.38426 secs using 792.5% CPU
Optimizing NNI: done in 4.10791 secs using 792% CPU
Optimizing NNI: done in 6.774 secs using 793.8% CPU
Optimizing NNI: done in 4.11187 secs using 791.7% CPU
Iteration 120 / LogL: -132192.761 / Time: 0h:14m:6s (0h:9m:29s left)
Optimizing NNI: done in 4.73811 secs using 793.8% CPU
Optimizing NNI: done in 5.26213 secs using 792.8% CPU
Optimizing NNI: done in 5.07509 secs using 794.3% CPU
Optimizing NNI: done in 5.35979 secs using 794.2% CPU
Optimizing NNI: done in 10.758 secs using 794.3% CPU
Optimizing NNI: done in 4.773 secs using 793.6% CPU
Optimizing NNI: done in 5.17877 secs using 794.6% CPU
Optimizing NNI: done in 4.24267 secs using 793.9% CPU
Optimizing NNI: done in 6.03646 secs using 793.8% CPU
Optimizing NNI: done in 4.81523 secs using 795% CPU
Estimate model parameters (epsilon = 0.100)
Initial log-likelihood: -132189.691
Current log-likelihood at step 1: -132189.679
Parameters optimization took 0 rounds (0.535 sec)

BETTER TREE FOUND at iteration 130: -132189.679
Iteration 130 / LogL: -132189.679 / Time: 0h:15m:4s (0h:11m:40s left)
Optimizing NNI: done in 9.42756 secs using 794.4% CPU
Optimizing NNI: done in 6.74955 secs using 794.4% CPU
Optimizing NNI: done in 9.10613 secs using 794.7% CPU
Optimizing NNI: done in 4.94433 secs using 793.6% CPU
Optimizing NNI: done in 7.48704 secs using 794.1% CPU
Optimizing NNI: done in 5.55185 secs using 794.1% CPU
Optimizing NNI: done in 6.53327 secs using 794.5% CPU
Optimizing NNI: done in 5.47523 secs using 794.5% CPU
Optimizing NNI: done in 9.68197 secs using 793.9% CPU
Optimizing NNI: done in 5.44115 secs using 794% CPU
Iteration 140 / LogL: -132216.652 / Time: 0h:16m:15s (0h:10m:31s left)
Optimizing NNI: done in 8.71061 secs using 794.3% CPU
Optimizing NNI: done in 5.52944 secs using 794% CPU
Optimizing NNI: done in 4.98786 secs using 794.7% CPU
Optimizing NNI: done in 4.54578 secs using 794.4% CPU
Optimizing NNI: done in 5.78484 secs using 794.2% CPU
Optimizing NNI: done in 5.05355 secs using 794% CPU
Optimizing NNI: done in 9.80014 secs using 794% CPU
Optimizing NNI: done in 6.77153 secs using 794.1% CPU
Optimizing NNI: done in 3.33541 secs using 794.9% CPU
Optimizing NNI: done in 10.269 secs using 794.4% CPU
Iteration 150 / LogL: -132194.058 / Time: 0h:17m:20s (0h:9m:18s left)
Log-likelihood cutoff on original alignment: -132330.352
Optimizing NNI: done in 5.39745 secs using 794.6% CPU
Optimizing NNI: done in 8.85894 secs using 794.3% CPU
Optimizing NNI: done in 2.78178 secs using 794.3% CPU
Optimizing NNI: done in 5.49833 secs using 793.3% CPU
Optimizing NNI: done in 9.81062 secs using 793.5% CPU
Optimizing NNI: done in 7.61192 secs using 794.2% CPU
Optimizing NNI: done in 8.40273 secs using 793.9% CPU
Optimizing NNI: done in 6.50104 secs using 794.1% CPU
Optimizing NNI: done in 3.79164 secs using 794.4% CPU
Optimizing NNI: done in 5.34487 secs using 794.1% CPU
Iteration 160 / LogL: -132409.992 / Time: 0h:18m:25s (0h:8m:6s left)
Optimizing NNI: done in 8.79949 secs using 794.4% CPU
Optimizing NNI: done in 4.16211 secs using 794.6% CPU
Optimizing NNI: done in 10.7455 secs using 792.9% CPU
Optimizing NNI: done in 4.96627 secs using 794.3% CPU
Optimizing NNI: done in 4.71269 secs using 792.6% CPU
Optimizing NNI: done in 9.13681 secs using 794.1% CPU
Optimizing NNI: done in 9.58962 secs using 794.2% CPU
Optimizing NNI: done in 3.39105 secs using 793.5% CPU
Optimizing NNI: done in 5.32225 secs using 793.9% CPU
Optimizing NNI: done in 8.34584 secs using 793.3% CPU
Iteration 170 / LogL: -132706.297 / Time: 0h:19m:34s (0h:6m:57s left)
Optimizing NNI: done in 4.85803 secs using 793.5% CPU
Optimizing NNI: done in 3.64492 secs using 793.1% CPU
Optimizing NNI: done in 8.8765 secs using 792.3% CPU
Optimizing NNI: done in 4.63208 secs using 792.5% CPU
Optimizing NNI: done in 4.69356 secs using 793.3% CPU
Optimizing NNI: done in 10.1143 secs using 793.9% CPU
Optimizing NNI: done in 6.44898 secs using 793.9% CPU
Optimizing NNI: done in 2.86665 secs using 795.3% CPU
Optimizing NNI: done in 5.03287 secs using 794.6% CPU
Optimizing NNI: done in 5.87944 secs using 790.2% CPU
Iteration 180 / LogL: -132192.754 / Time: 0h:20m:32s (0h:5m:44s left)
Optimizing NNI: done in 5.12356 secs using 793.9% CPU
Optimizing NNI: done in 5.14184 secs using 793.4% CPU
Optimizing NNI: done in 5.74388 secs using 792.8% CPU
Optimizing NNI: done in 5.25542 secs using 793.9% CPU
Optimizing NNI: done in 10.0703 secs using 794.5% CPU
Optimizing NNI: done in 4.14949 secs using 794.5% CPU
Optimizing NNI: done in 9.01922 secs using 794.5% CPU
Optimizing NNI: done in 6.4028 secs using 793.3% CPU
Optimizing NNI: done in 6.7788 secs using 792.5% CPU
Optimizing NNI: done in 8.65745 secs using 792.9% CPU
Iteration 190 / LogL: -132235.279 / Time: 0h:21m:39s (0h:4m:34s left)
Optimizing NNI: done in 4.94151 secs using 793.1% CPU
Optimizing NNI: done in 6.61759 secs using 793.2% CPU
Optimizing NNI: done in 4.99551 secs using 793.9% CPU
Optimizing NNI: done in 4.62425 secs using 794% CPU
Optimizing NNI: done in 5.62054 secs using 793.7% CPU
Optimizing NNI: done in 4.54914 secs using 794.1% CPU
Optimizing NNI: done in 2.76481 secs using 794% CPU
Optimizing NNI: done in 5.37212 secs using 794.4% CPU
Optimizing NNI: done in 3.92128 secs using 793.4% CPU
Optimizing NNI: done in 5.01798 secs using 794.5% CPU
Iteration 200 / LogL: -132250.973 / Time: 0h:22m:28s (0h:3m:23s left)
Log-likelihood cutoff on original alignment: -132330.352
NOTE: Bootstrap correlation coefficient of split occurrence frequencies: 0.958
NOTE: UFBoot does not converge, continue at least 100 more iterations
Optimizing NNI: done in 4.49608 secs using 793.8% CPU
Optimizing NNI: done in 4.59748 secs using 794.3% CPU
Optimizing NNI: done in 5.16061 secs using 794% CPU
Optimizing NNI: done in 4.49345 secs using 793.6% CPU
Optimizing NNI: done in 5.97578 secs using 794.5% CPU
Optimizing NNI: done in 4.57205 secs using 793.8% CPU
Optimizing NNI: done in 4.59604 secs using 793.2% CPU
Optimizing NNI: done in 4.58467 secs using 794.2% CPU
Optimizing NNI: done in 11.2289 secs using 794.6% CPU
Optimizing NNI: done in 5.82213 secs using 794.7% CPU
Iteration 210 / LogL: -132784.827 / Time: 0h:23m:24s (0h:10m:4s left)
Optimizing NNI: done in 5.97757 secs using 794% CPU
Optimizing NNI: done in 4.53296 secs using 794.6% CPU
Optimizing NNI: done in 4.87178 secs using 794% CPU
Optimizing NNI: done in 4.22533 secs using 793.2% CPU
Optimizing NNI: done in 3.66541 secs using 794.2% CPU
Optimizing NNI: done in 4.69326 secs using 793.9% CPU
Optimizing NNI: done in 4.63075 secs using 794.6% CPU
Optimizing NNI: done in 8.63039 secs using 794.2% CPU
Optimizing NNI: done in 3.05576 secs using 794.5% CPU
Optimizing NNI: done in 4.31129 secs using 794.3% CPU
Iteration 220 / LogL: -132430.042 / Time: 0h:24m:13s (0h:8m:50s left)
Optimizing NNI: done in 5.46272 secs using 794.5% CPU
Optimizing NNI: done in 5.40966 secs using 793.6% CPU
Optimizing NNI: done in 4.65985 secs using 794% CPU
Optimizing NNI: done in 4.87671 secs using 793.8% CPU
Optimizing NNI: done in 4.94316 secs using 794.2% CPU
Optimizing NNI: done in 4.0795 secs using 794.8% CPU
Optimizing NNI: done in 3.86243 secs using 793.9% CPU
Optimizing NNI: done in 4.4579 secs using 793.1% CPU
Optimizing NNI: done in 4.55427 secs using 793.8% CPU
Optimizing NNI: done in 5.77892 secs using 794.6% CPU
Iteration 230 / LogL: -132507.605 / Time: 0h:25m:2s (0h:7m:39s left)
Optimizing NNI: done in 4.36837 secs using 793.9% CPU
Optimizing NNI: done in 4.43903 secs using 793.6% CPU
Optimizing NNI: done in 5.55074 secs using 794.7% CPU
Optimizing NNI: done in 6.05429 secs using 793.3% CPU
Optimizing NNI: done in 4.3133 secs using 791.8% CPU
Optimizing NNI: done in 4.17787 secs using 794.5% CPU
Optimizing NNI: done in 4.97028 secs using 793.5% CPU
Optimizing NNI: done in 4.70443 secs using 792.7% CPU
Optimizing NNI: done in 9.13701 secs using 794.5% CPU
Optimizing NNI: done in 4.66655 secs using 794.2% CPU
Iteration 240 / LogL: -132201.479 / Time: 0h:25m:55s (0h:6m:30s left)
Optimizing NNI: done in 4.07683 secs using 794.4% CPU
Optimizing NNI: done in 3.97606 secs using 794.1% CPU
Optimizing NNI: done in 4.11112 secs using 794.4% CPU
Optimizing NNI: done in 6.90273 secs using 795.1% CPU
Optimizing NNI: done in 5.61762 secs using 793% CPU
Optimizing NNI: done in 6.01168 secs using 792.2% CPU
Optimizing NNI: done in 4.52551 secs using 793% CPU
Optimizing NNI: done in 8.95907 secs using 792.2% CPU
Optimizing NNI: done in 3.15573 secs using 792.1% CPU
Optimizing NNI: done in 4.96158 secs using 794.4% CPU
Iteration 250 / LogL: -132200.893 / Time: 0h:26m:48s (0h:5m:22s left)
Log-likelihood cutoff on original alignment: -132330.352
Optimizing NNI: done in 5.73923 secs using 793.2% CPU
Optimizing NNI: done in 5.39875 secs using 792.8% CPU
Optimizing NNI: done in 4.87721 secs using 794.9% CPU
Optimizing NNI: done in 9.11348 secs using 794.7% CPU
Optimizing NNI: done in 9.54101 secs using 795% CPU
Optimizing NNI: done in 4.84367 secs using 794.1% CPU
Optimizing NNI: done in 4.943 secs using 794.2% CPU
Optimizing NNI: done in 4.57718 secs using 793.8% CPU
Optimizing NNI: done in 6.04703 secs using 793.9% CPU
Optimizing NNI: done in 5.48207 secs using 789.3% CPU
Iteration 260 / LogL: -132683.225 / Time: 0h:27m:49s (0h:4m:17s left)
Optimizing NNI: done in 3.79291 secs using 794.1% CPU
Optimizing NNI: done in 5.13671 secs using 794.3% CPU
Optimizing NNI: done in 4.77008 secs using 792.5% CPU
Optimizing NNI: done in 3.30441 secs using 794.8% CPU
Optimizing NNI: done in 4.38144 secs using 794.4% CPU
Optimizing NNI: done in 5.57593 secs using 794.1% CPU
Optimizing NNI: done in 4.9767 secs using 793.7% CPU
Optimizing NNI: done in 4.94494 secs using 793.7% CPU
Optimizing NNI: done in 4.88995 secs using 793.7% CPU
Optimizing NNI: done in 6.10023 secs using 792.5% CPU
Iteration 270 / LogL: -132240.970 / Time: 0h:28m:37s (0h:3m:11s left)
Optimizing NNI: done in 5.83734 secs using 793.6% CPU
Optimizing NNI: done in 3.82782 secs using 793.2% CPU
Optimizing NNI: done in 3.65456 secs using 792.8% CPU
Optimizing NNI: done in 4.80295 secs using 793.5% CPU
Optimizing NNI: done in 5.42072 secs using 793.6% CPU
Optimizing NNI: done in 6.50518 secs using 793.6% CPU
Optimizing NNI: done in 4.01553 secs using 794.3% CPU
Optimizing NNI: done in 4.33573 secs using 793.6% CPU
Optimizing NNI: done in 6.26592 secs using 794.6% CPU
Optimizing NNI: done in 9.07628 secs using 793.5% CPU
Iteration 280 / LogL: -132303.411 / Time: 0h:29m:32s (0h:2m:7s left)
Optimizing NNI: done in 4.9163 secs using 791.6% CPU
Optimizing NNI: done in 4.17585 secs using 794.6% CPU
Optimizing NNI: done in 6.47135 secs using 793.6% CPU
Optimizing NNI: done in 5.16196 secs using 794.5% CPU
Optimizing NNI: done in 8.71269 secs using 794.7% CPU
Optimizing NNI: done in 5.71362 secs using 794.4% CPU
Optimizing NNI: done in 7.19142 secs using 794.4% CPU
Optimizing NNI: done in 13.4298 secs using 794.4% CPU
Optimizing NNI: done in 3.83131 secs using 793.7% CPU
Optimizing NNI: done in 4.35413 secs using 794.3% CPU
Iteration 290 / LogL: -132189.711 / Time: 0h:30m:36s (0h:1m:3s left)
Optimizing NNI: done in 6.34475 secs using 793.7% CPU
Optimizing NNI: done in 4.5909 secs using 794% CPU
Optimizing NNI: done in 7.93201 secs using 794% CPU
Optimizing NNI: done in 7.02494 secs using 794.5% CPU
Optimizing NNI: done in 6.76607 secs using 794.1% CPU
Optimizing NNI: done in 4.38151 secs using 793.9% CPU
Optimizing NNI: done in 5.19921 secs using 794.7% CPU
Optimizing NNI: done in 7.7589 secs using 794% CPU
Optimizing NNI: done in 5.33509 secs using 793.1% CPU
Optimizing NNI: done in 7.91328 secs using 793.3% CPU
Iteration 300 / LogL: -132335.350 / Time: 0h:31m:40s (0h:0m:0s left)
Log-likelihood cutoff on original alignment: -132330.352
NOTE: Bootstrap correlation coefficient of split occurrence frequencies: 0.989
NOTE: UFBoot does not converge, continue at least 100 more iterations
Optimizing NNI: done in 10.5346 secs using 793.3% CPU
Optimizing NNI: done in 4.34329 secs using 794.1% CPU
Optimizing NNI: done in 3.65021 secs using 794.6% CPU
Optimizing NNI: done in 4.5592 secs using 794.3% CPU
Optimizing NNI: done in 6.42935 secs using 794.7% CPU
Optimizing NNI: done in 4.54118 secs using 793.7% CPU
Optimizing NNI: done in 5.43755 secs using 794% CPU
Optimizing NNI: done in 4.20562 secs using 794.3% CPU
Optimizing NNI: done in 4.58005 secs using 793.6% CPU
Optimizing NNI: done in 7.34771 secs using 793.8% CPU
Iteration 310 / LogL: -132222.344 / Time: 0h:32m:36s (0h:9m:29s left)
Optimizing NNI: done in 5.50724 secs using 793.6% CPU
Optimizing NNI: done in 5.25158 secs using 793% CPU
Optimizing NNI: done in 4.63906 secs using 792.2% CPU
Optimizing NNI: done in 5.2353 secs using 793.1% CPU
Optimizing NNI: done in 4.68037 secs using 793.2% CPU
Optimizing NNI: done in 5.00949 secs using 793.3% CPU
Optimizing NNI: done in 4.65075 secs using 792.3% CPU
Optimizing NNI: done in 5.24879 secs using 793.4% CPU
Optimizing NNI: done in 3.741 secs using 793.8% CPU
Optimizing NNI: done in 3.98331 secs using 793.2% CPU
Iteration 320 / LogL: -133179.677 / Time: 0h:33m:25s (0h:8m:22s left)
Optimizing NNI: done in 4.67387 secs using 793.5% CPU
Optimizing NNI: done in 3.47793 secs using 794.6% CPU
Optimizing NNI: done in 4.42373 secs using 794.4% CPU
Optimizing NNI: done in 3.79287 secs using 794.5% CPU
Optimizing NNI: done in 10.4526 secs using 794.1% CPU
Optimizing NNI: done in 5.8414 secs using 789.1% CPU
Optimizing NNI: done in 7.78018 secs using 794.4% CPU
Optimizing NNI: done in 4.92289 secs using 792.6% CPU
Optimizing NNI: done in 8.9464 secs using 793.7% CPU
Optimizing NNI: done in 5.24086 secs using 794.4% CPU
Iteration 330 / LogL: -132191.351 / Time: 0h:34m:25s (0h:7m:19s left)
Optimizing NNI: done in 3.19642 secs using 794.1% CPU
Optimizing NNI: done in 4.70596 secs using 794.4% CPU
Optimizing NNI: done in 4.27604 secs using 794.8% CPU
Optimizing NNI: done in 5.2675 secs using 794.4% CPU
Optimizing NNI: done in 5.85376 secs using 793.8% CPU
Optimizing NNI: done in 5.5407 secs using 794.9% CPU
Optimizing NNI: done in 4.24601 secs using 794.3% CPU
Optimizing NNI: done in 6.60895 secs using 794.3% CPU
Optimizing NNI: done in 4.33552 secs using 794.2% CPU
Optimizing NNI: done in 4.90896 secs using 794.4% CPU
Iteration 340 / LogL: -132189.758 / Time: 0h:35m:14s (0h:6m:14s left)
Optimizing NNI: done in 6.82837 secs using 793.9% CPU
Optimizing NNI: done in 9.04736 secs using 792.4% CPU
Optimizing NNI: done in 5.96282 secs using 792.8% CPU
Optimizing NNI: done in 4.85626 secs using 791.6% CPU
Optimizing NNI: done in 9.82996 secs using 793.4% CPU
Optimizing NNI: done in 4.91427 secs using 793.8% CPU
Optimizing NNI: done in 6.3128 secs using 792% CPU
Optimizing NNI: done in 4.43976 secs using 793.3% CPU
Optimizing NNI: done in 5.53737 secs using 794.2% CPU
Optimizing NNI: done in 4.76359 secs using 793.5% CPU
Iteration 350 / LogL: -132697.560 / Time: 0h:36m:17s (0h:5m:12s left)
Log-likelihood cutoff on original alignment: -132330.352
Optimizing NNI: done in 3.91598 secs using 794.3% CPU
Optimizing NNI: done in 4.01385 secs using 794.4% CPU
Optimizing NNI: done in 5.13239 secs using 793.8% CPU
Optimizing NNI: done in 4.68609 secs using 793.6% CPU
Optimizing NNI: done in 8.57269 secs using 794.7% CPU
Optimizing NNI: done in 4.45229 secs using 792.9% CPU
Optimizing NNI: done in 8.1754 secs using 792.9% CPU
Optimizing NNI: done in 4.51025 secs using 794.3% CPU
Optimizing NNI: done in 5.09475 secs using 794.2% CPU
Optimizing NNI: done in 6.09232 secs using 793.7% CPU
Iteration 360 / LogL: -132236.470 / Time: 0h:37m:13s (0h:4m:8s left)
Optimizing NNI: done in 5.65918 secs using 794.3% CPU
Optimizing NNI: done in 3.90213 secs using 794.5% CPU
Optimizing NNI: done in 3.81376 secs using 793.9% CPU
Optimizing NNI: done in 4.35965 secs using 793.1% CPU
Optimizing NNI: done in 6.45617 secs using 793.6% CPU
Optimizing NNI: done in 4.03497 secs using 793.4% CPU
Optimizing NNI: done in 5.07198 secs using 794.2% CPU
Optimizing NNI: done in 4.89589 secs using 794% CPU
Optimizing NNI: done in 4.56333 secs using 794.4% CPU
Optimizing NNI: done in 5.83654 secs using 794.1% CPU
Iteration 370 / LogL: -133107.414 / Time: 0h:38m:2s (0h:3m:5s left)
Optimizing NNI: done in 10.6754 secs using 793.9% CPU
Optimizing NNI: done in 4.19839 secs using 794.3% CPU
Optimizing NNI: done in 7.03628 secs using 794.4% CPU
Optimizing NNI: done in 5.6902 secs using 794% CPU
Optimizing NNI: done in 5.68389 secs using 794.5% CPU
Optimizing NNI: done in 8.10993 secs using 794.4% CPU
Optimizing NNI: done in 4.42297 secs using 793.8% CPU
Optimizing NNI: done in 4.8903 secs using 794.6% CPU
Optimizing NNI: done in 4.45052 secs using 794.6% CPU
Optimizing NNI: done in 4.44286 secs using 794.7% CPU
Iteration 380 / LogL: -132422.217 / Time: 0h:39m:2s (0h:2m:3s left)
Optimizing NNI: done in 4.75128 secs using 793.9% CPU
Optimizing NNI: done in 7.19772 secs using 794.3% CPU
Optimizing NNI: done in 3.89026 secs using 794.9% CPU
Optimizing NNI: done in 3.99454 secs using 794.1% CPU
Optimizing NNI: done in 7.78256 secs using 794.5% CPU
Optimizing NNI: done in 5.23445 secs using 794.5% CPU
Optimizing NNI: done in 3.58833 secs using 794.3% CPU
Optimizing NNI: done in 5.17748 secs using 794.5% CPU
Optimizing NNI: done in 3.87118 secs using 794.8% CPU
Optimizing NNI: done in 9.51519 secs using 794.6% CPU
Iteration 390 / LogL: -132290.227 / Time: 0h:39m:58s (0h:1m:1s left)
Optimizing NNI: done in 4.10542 secs using 794.9% CPU
Optimizing NNI: done in 6.338 secs using 794.1% CPU
Optimizing NNI: done in 5.21388 secs using 793.7% CPU
Optimizing NNI: done in 6.62414 secs using 794.3% CPU
Optimizing NNI: done in 4.37733 secs using 794.5% CPU
Optimizing NNI: done in 9.37551 secs using 794.7% CPU
Optimizing NNI: done in 4.04162 secs using 794.3% CPU
Optimizing NNI: done in 8.8097 secs using 794.3% CPU
Optimizing NNI: done in 2.82163 secs using 794.2% CPU
Optimizing NNI: done in 5.2741 secs using 794.6% CPU
Iteration 400 / LogL: -132507.582 / Time: 0h:40m:55s (0h:0m:0s left)
Log-likelihood cutoff on original alignment: -132330.352
NOTE: Bootstrap correlation coefficient of split occurrence frequencies: 0.994
TREE SEARCH COMPLETED AFTER 400 ITERATIONS / Time: 0h:40m:56s

--------------------------------------------------------------------
|                    FINALIZING TREE SEARCH                        |
--------------------------------------------------------------------
Performs final model parameters optimization
Estimate model parameters (epsilon = 0.010)
Initial log-likelihood: -132189.679
Current log-likelihood at step 1: -132189.675
Parameters optimization took 0 rounds (0.521 sec)

Partition information was printed to combined_top50.partition.best_model.nex
BEST SCORE FOUND : -132189.675

Testing tree branches by SH-like aLRT with 1000 replicates...
3.054 sec.
Creating bootstrap support values...
Split supports printed to NEXUS file combined_top50.partition.splits.nex
Total tree length: 3.232

Total number of iterations: 400
CPU time used for tree search: 18486.403 sec (5h:8m:6s)
Wall-clock time used for tree search: 2344.065 sec (0h:39m:4s)
Total CPU time used: 19093.875 sec (5h:18m:13s)
Total wall-clock time used: 2459.768 sec (0h:40m:59s)

Computing bootstrap consensus tree...
Reading input file combined_top50.partition.splits.nex...
96 taxa and 764 splits.
Consensus tree written to combined_top50.partition.contree
Reading input trees file combined_top50.partition.contree
Log-likelihood of consensus tree: -132190.666

Analysis results written to: 
  IQ-TREE report:                combined_top50.partition.iqtree
  Maximum-likelihood tree:       combined_top50.partition.treefile
  Likelihood distances:          combined_top50.partition.mldist

Ultrafast bootstrap approximation results written to:
  Split support values:          combined_top50.partition.splits.nex
  Consensus tree:                combined_top50.partition.contree
  Screen log file:               combined_top50.partition.log

Date and Time: Wed Jan 31 17:34:41 2024
