>Aspergillus_fumigatus_Af293
>Histoplasma_capsulatum_07_12-RJ
>Histoplasma_capsulatum_104_p_06
>Histoplasma_capsulatum_117_p_12
>Histoplasma_capsulatum_122_p_10_B
>Histoplasma_capsulatum_136_P_07
>Histoplasma_capsulatum_144_p_08
>Histoplasma_capsulatum_1517_p_17
>Histoplasma_capsulatum_19VMG-15
>Histoplasma_capsulatum_256_P_18
>Histoplasma_capsulatum_316_p_10
>Histoplasma_capsulatum_327_P_12
>Histoplasma_capsulatum_343_p_18
>Histoplasma_capsulatum_388_p_11
>Histoplasma_capsulatum_CB053-2
>Histoplasma_capsulatum_CB055-2
>Histoplasma_capsulatum_CB062-2
>Histoplasma_capsulatum_CB063-2
>Histoplasma_capsulatum_CB064-2
>Histoplasma_capsulatum_CB065-2
>Histoplasma_capsulatum_CB066-2
>Histoplasma_capsulatum_CB168-2
>Histoplasma_capsulatum_CB174-2
>Histoplasma_capsulatum_CB180-2
>Histoplasma_capsulatum_CB186-2
>Histoplasma_capsulatum_CB192-2
>Histoplasma_capsulatum_Dr_Anuradha_Fungal_WGS_S11
>Histoplasma_capsulatum_Dr_Anuradha_Fungal_WGS_S14
>Histoplasma_capsulatum_Dr_Anuradha_Fungal_WGS_S16
>Histoplasma_capsulatum_ES2_83Z
>Histoplasma_capsulatum_ES2_85Z
>Histoplasma_capsulatum_ES2_86Z
>Histoplasma_capsulatum_ES2_88Z
>Histoplasma_capsulatum_ES2_89Z
>Histoplasma_capsulatum_ES2_90Z
>Histoplasma_capsulatum_HCH143
>Histoplasma_capsulatum_HISSP-1014-Belem3
>Histoplasma_capsulatum_HISSP-11571-Belem1
>Histoplasma_capsulatum_HISSP-B05821
>Histoplasma_capsulatum_HISSP-CM6015
>Histoplasma_capsulatum_HISSP-CM6408
>Histoplasma_capsulatum_HISSP-CM7256-xx-CL-SEN-xxxx-036-BB
>Histoplasma_capsulatum_HISSP-FGAMA2041
>Histoplasma_capsulatum_HISSP-FGBIK2051
>Histoplasma_capsulatum_HISSP-FGBON2001
>Histoplasma_capsulatum_HISSP-FGFAN2059
>Histoplasma_capsulatum_HISSP-FGFAR0189
>Histoplasma_capsulatum_HISSP-FGFER2036
>Histoplasma_capsulatum_HISSP-FGFIN2028
>Histoplasma_capsulatum_HISSP-FGJOS2044
>Histoplasma_capsulatum_HISSP-FGLIN2055
>Histoplasma_capsulatum_HISSP-FGMAR2044
>Histoplasma_capsulatum_HISSP-FGPERS2034
>Histoplasma_capsulatum_HISSP-FGPIA2052
>Histoplasma_capsulatum_HISSP-FGPIE2055
>Histoplasma_capsulatum_HISSP-FGPSO2043
>Histoplasma_capsulatum_HISSP-FGTRO0285
>Histoplasma_capsulatum_Histo-485P20
>Histoplasma_capsulatum_JB_01752-Hc_01752
>Histoplasma_capsulatum_JB_021091-Hc_021091
>Histoplasma_capsulatum_JB_031837-Hc_031837
>Histoplasma_capsulatum_JB_042430-Hc_042430
>Histoplasma_capsulatum_JB_062632-Hc_062632
>Histoplasma_capsulatum_JB_062775-Hc_062775
>Histoplasma_capsulatum_JB_073129-Hc_073129
>Histoplasma_capsulatum_JB_083285_2-Hc_083285_2
>Histoplasma_capsulatum_NACVFR_Histo_HC1070058_2
>Histoplasma_capsulatum_SA15
>Histoplasma_capsulatum_SECH_100-Nam2_G186A
>Histoplasma_capsulatum_SECH_101-Nam2_G184A
>Histoplasma_capsulatum_SECH_107-mis_Hc_duboisii-B
>Histoplasma_capsulatum_SECH_109
>Histoplasma_capsulatum_SECH_110
>Histoplasma_mississippiense_II_SECH_102Nam2_505
>Histoplasma_mississippiense_II_SECH_81-Nam1_WU24
>Histoplasma_mississippiense_II_SECH_83-Nam1_CI_7
>Histoplasma_mississippiense_II_SECH_84-Nam1_CI_19
>Histoplasma_mississippiense_II_SECH_85-Nam1_CI_22
>Histoplasma_mississippiense_II_SECH_86-Nam1_CI_24
>Histoplasma_mississippiense_II_SECH_87-Nam1_CI_42
>Histoplasma_mississippiense_II_SECH_88-Nam1_CI_43
>Histoplasma_mississippiense_II_SECH_90-Nam1_DOWNS
>Histoplasma_mississippiense_I_SECH_89-Nam1_UCLA-531
>Histoplasma_ohiense_SECH_82-Nam1_CI_4
>Histoplasma_ohiense_SECH_91-Nam2_G217B
>Histoplasma_ohiense_SECH_92-Nam2_G222B
>Histoplasma_ohiense_SECH_93.Nam2_CI_6
>Histoplasma_ohiense_SECH_94-Nam2_CI_9
>Histoplasma_ohiense_SECH_95.Nam2_CI_10
>Histoplasma_ohiense_SECH_96.Nam2_CI_17
>Histoplasma_ohiense_SECH_97-Nam2_CI_18
>Histoplasma_ohiense_SECH_98.Nam2_CI_30
>Histoplasma_ohiense_SECH_99-Nam2_CI_35
>Histoplasma_suramericanum_SECH_103-Nam2_3_11G
>Histoplasma_suramericanum_SECH_104-Nam2_27_14
>Histoplasma_suramericanum_SECH_105-Nam2_21_14
